<?xml version="1.0" encoding="UTF-8"?>
<coverage generated="1771625199338" clover="3.2.0">
  <project timestamp="1771625199338" name="All files">
    <metrics statements="348" coveredstatements="344" conditionals="141" coveredconditionals="118" methods="142" coveredmethods="137" elements="631" coveredelements="599" complexity="0" loc="348" ncloc="348" packages="3" files="12" classes="12"/>
    <package name="components">
      <metrics statements="203" coveredstatements="201" conditionals="102" coveredconditionals="85" methods="69" coveredmethods="66"/>
      <file name="Board.jsx" path="D:\Projects\date-app\src\components\Board.jsx">
        <metrics statements="12" coveredstatements="12" conditionals="18" coveredconditionals="17" methods="13" coveredmethods="13"/>
        <line num="6" count="6" type="cond" truecount="2" falsecount="0"/>
        <line num="7" count="6" type="cond" truecount="2" falsecount="0"/>
        <line num="8" count="6" type="stmt"/>
        <line num="9" count="6" type="stmt"/>
        <line num="10" count="6" type="stmt"/>
        <line num="11" count="6" type="stmt"/>
        <line num="12" count="6" type="stmt"/>
        <line num="15" count="6" type="stmt"/>
        <line num="16" count="64" type="cond" truecount="1" falsecount="1"/>
        <line num="18" count="19" type="stmt"/>
        <line num="20" count="6" type="stmt"/>
        <line num="24" count="16" type="stmt"/>
      </file>
      <file name="Category.jsx" path="D:\Projects\date-app\src\components\Category.jsx">
        <metrics statements="33" coveredstatements="33" conditionals="20" coveredconditionals="20" methods="15" coveredmethods="15"/>
        <line num="5" count="2" type="stmt"/>
        <line num="6" count="2" type="stmt"/>
        <line num="7" count="11" type="stmt"/>
        <line num="9" count="2" type="stmt"/>
        <line num="10" count="34" type="stmt"/>
        <line num="11" count="34" type="stmt"/>
        <line num="16" count="1" type="stmt"/>
        <line num="17" count="18" type="stmt"/>
        <line num="20" count="1" type="stmt"/>
        <line num="21" count="1" type="stmt"/>
        <line num="22" count="1" type="stmt"/>
        <line num="23" count="1" type="stmt"/>
        <line num="27" count="1" type="stmt"/>
        <line num="28" count="14" type="stmt"/>
        <line num="30" count="1" type="stmt"/>
        <line num="37" count="1" type="stmt"/>
        <line num="38" count="16" type="stmt"/>
        <line num="39" count="14" type="stmt"/>
        <line num="40" count="1" type="stmt"/>
        <line num="41" count="1" type="stmt"/>
        <line num="43" count="1" type="stmt"/>
        <line num="49" count="1" type="stmt"/>
        <line num="76" count="5" type="stmt"/>
        <line num="103" count="22" type="stmt"/>
        <line num="105" count="22" type="stmt"/>
        <line num="110" count="84" type="stmt"/>
        <line num="111" count="594" type="cond" truecount="2" falsecount="0"/>
        <line num="113" count="84" type="stmt"/>
        <line num="114" count="84" type="cond" truecount="4" falsecount="0"/>
        <line num="117" count="256" type="cond" truecount="2" falsecount="0"/>
        <line num="118" count="574" type="cond" truecount="2" falsecount="0"/>
        <line num="121" count="84" type="stmt"/>
        <line num="132" count="1" type="stmt"/>
      </file>
      <file name="DevTools.jsx" path="D:\Projects\date-app\src\components\DevTools.jsx">
        <metrics statements="5" coveredstatements="5" conditionals="4" coveredconditionals="4" methods="4" coveredmethods="4"/>
        <line num="3" count="1" type="stmt"/>
        <line num="23" count="8" type="stmt"/>
        <line num="25" count="8" type="stmt"/>
        <line num="27" count="4" type="stmt"/>
        <line num="34" count="1" type="stmt"/>
      </file>
      <file name="HistoryPanel.jsx" path="D:\Projects\date-app\src\components\HistoryPanel.jsx">
        <metrics statements="15" coveredstatements="15" conditionals="6" coveredconditionals="5" methods="6" coveredmethods="5"/>
        <line num="4" count="6" type="stmt"/>
        <line num="5" count="6" type="stmt"/>
        <line num="7" count="6" type="stmt"/>
        <line num="9" count="3" type="stmt"/>
        <line num="10" count="3" type="stmt"/>
        <line num="12" count="3" type="stmt"/>
        <line num="14" count="3" type="stmt"/>
        <line num="17" count="3" type="stmt"/>
        <line num="20" count="6" type="cond" truecount="2" falsecount="0"/>
        <line num="22" count="3" type="stmt"/>
        <line num="30" count="2" type="stmt"/>
        <line num="31" count="2" type="stmt"/>
        <line num="32" count="2" type="cond" truecount="1" falsecount="1"/>
        <line num="34" count="2" type="stmt"/>
        <line num="41" count="1" type="stmt"/>
      </file>
      <file name="LibraryPanel.jsx" path="D:\Projects\date-app\src\components\LibraryPanel.jsx">
        <metrics statements="23" coveredstatements="21" conditionals="12" coveredconditionals="7" methods="19" coveredmethods="17"/>
        <line num="6" count="8" type="stmt"/>
        <line num="7" count="8" type="stmt"/>
        <line num="8" count="8" type="stmt"/>
        <line num="9" count="8" type="stmt"/>
        <line num="10" count="8" type="stmt"/>
        <line num="11" count="8" type="stmt"/>
        <line num="12" count="8" type="stmt"/>
        <line num="14" count="8" type="stmt"/>
        <line num="15" count="6" type="stmt"/>
        <line num="19" count="1" type="cond" truecount="1" falsecount="1"/>
        <line num="20" count="1" type="cond" truecount="1" falsecount="1"/>
        <line num="21" count="1" type="stmt"/>
        <line num="22" count="1" type="stmt"/>
        <line num="26" count="0" type="cond" truecount="0" falsecount="2"/>
        <line num="29" count="8" type="cond" truecount="1" falsecount="1"/>
        <line num="31" count="8" type="stmt"/>
        <line num="37" count="14" type="stmt"/>
        <line num="44" count="2" type="stmt"/>
        <line num="47" count="1" type="stmt"/>
        <line num="54" count="1" type="stmt"/>
        <line num="68" count="1" type="stmt"/>
        <line num="69" count="0" type="stmt"/>
        <line num="74" count="1" type="stmt"/>
      </file>
      <file name="SpiralButton.jsx" path="D:\Projects\date-app\src\components\SpiralButton.jsx">
        <metrics statements="115" coveredstatements="115" conditionals="42" coveredconditionals="32" methods="12" coveredmethods="12"/>
        <line num="3" count="2" type="stmt"/>
        <line num="4" count="2" type="stmt"/>
        <line num="5" count="2" type="stmt"/>
        <line num="6" count="2" type="stmt"/>
        <line num="7" count="2" type="stmt"/>
        <line num="8" count="2" type="stmt"/>
        <line num="9" count="2" type="stmt"/>
        <line num="12" count="320" type="stmt"/>
        <line num="13" count="320" type="stmt"/>
        <line num="20" count="11" type="stmt"/>
        <line num="21" count="11" type="stmt"/>
        <line num="22" count="11" type="stmt"/>
        <line num="23" count="11" type="stmt"/>
        <line num="24" count="11" type="stmt"/>
        <line num="25" count="11" type="stmt"/>
        <line num="26" count="11" type="stmt"/>
        <line num="27" count="11" type="stmt"/>
        <line num="28" count="11" type="stmt"/>
        <line num="30" count="11" type="stmt"/>
        <line num="31" count="162" type="stmt"/>
        <line num="32" count="162" type="cond" truecount="1" falsecount="1"/>
        <line num="33" count="162" type="stmt"/>
        <line num="34" count="162" type="stmt"/>
        <line num="37" count="11" type="stmt"/>
        <line num="38" count="161" type="cond" truecount="1" falsecount="1"/>
        <line num="39" count="161" type="stmt"/>
        <line num="40" count="161" type="stmt"/>
        <line num="41" count="28177" type="stmt"/>
        <line num="42" count="161" type="stmt"/>
        <line num="43" count="161" type="stmt"/>
        <line num="44" count="161" type="stmt"/>
        <line num="45" count="161" type="stmt"/>
        <line num="46" count="161" type="stmt"/>
        <line num="49" count="11" type="stmt"/>
        <line num="50" count="131" type="cond" truecount="1" falsecount="1"/>
        <line num="51" count="131" type="stmt"/>
        <line num="52" count="131" type="cond" truecount="1" falsecount="1"/>
        <line num="53" count="131" type="stmt"/>
        <line num="54" count="131" type="stmt"/>
        <line num="55" count="131" type="stmt"/>
        <line num="56" count="131" type="stmt"/>
        <line num="57" count="131" type="stmt"/>
        <line num="58" count="131" type="stmt"/>
        <line num="59" count="317" type="stmt"/>
        <line num="61" count="131" type="stmt"/>
        <line num="62" count="131" type="stmt"/>
        <line num="63" count="131" type="stmt"/>
        <line num="67" count="3" type="stmt"/>
        <line num="68" count="3" type="cond" truecount="1" falsecount="1"/>
        <line num="69" count="3" type="stmt"/>
        <line num="70" count="3" type="stmt"/>
        <line num="71" count="3" type="stmt"/>
        <line num="72" count="3" type="stmt"/>
        <line num="73" count="3" type="stmt"/>
        <line num="74" count="3" type="stmt"/>
        <line num="75" count="3" type="stmt"/>
        <line num="79" count="2" type="stmt"/>
        <line num="80" count="2" type="cond" truecount="1" falsecount="1"/>
        <line num="81" count="2" type="cond" truecount="1" falsecount="1"/>
        <line num="82" count="2" type="stmt"/>
        <line num="83" count="2" type="stmt"/>
        <line num="84" count="2" type="stmt"/>
        <line num="86" count="2" type="cond" truecount="2" falsecount="0"/>
        <line num="87" count="1" type="stmt"/>
        <line num="88" count="1" type="stmt"/>
        <line num="89" count="1" type="stmt"/>
        <line num="92" count="1" type="stmt"/>
        <line num="93" count="1" type="stmt"/>
        <line num="97" count="1" type="stmt"/>
        <line num="98" count="1" type="cond" truecount="1" falsecount="1"/>
        <line num="99" count="1" type="stmt"/>
        <line num="100" count="1" type="stmt"/>
        <line num="101" count="1" type="stmt"/>
        <line num="102" count="1" type="stmt"/>
        <line num="103" count="1" type="stmt"/>
        <line num="104" count="1" type="stmt"/>
        <line num="105" count="1" type="stmt"/>
        <line num="107" count="1" type="stmt"/>
        <line num="108" count="30" type="stmt"/>
        <line num="109" count="30" type="stmt"/>
        <line num="110" count="30" type="stmt"/>
        <line num="111" count="30" type="stmt"/>
        <line num="112" count="30" type="stmt"/>
        <line num="113" count="30" type="stmt"/>
        <line num="114" count="30" type="stmt"/>
        <line num="115" count="30" type="stmt"/>
        <line num="116" count="30" type="stmt"/>
        <line num="117" count="30" type="stmt"/>
        <line num="118" count="30" type="stmt"/>
        <line num="119" count="30" type="stmt"/>
        <line num="121" count="30" type="cond" truecount="2" falsecount="0"/>
        <line num="122" count="29" type="stmt"/>
        <line num="124" count="1" type="stmt"/>
        <line num="125" count="1" type="stmt"/>
        <line num="126" count="302" type="stmt"/>
        <line num="127" count="302" type="stmt"/>
        <line num="128" count="302" type="stmt"/>
        <line num="129" count="302" type="stmt"/>
        <line num="130" count="302" type="cond" truecount="2" falsecount="0"/>
        <line num="131" count="5" type="stmt"/>
        <line num="132" count="5" type="cond" truecount="3" falsecount="1"/>
        <line num="135" count="1" type="stmt"/>
        <line num="136" count="5" type="stmt"/>
        <line num="137" count="5" type="stmt"/>
        <line num="138" count="5" type="stmt"/>
        <line num="139" count="5" type="stmt"/>
        <line num="141" count="1" type="stmt"/>
        <line num="142" count="1" type="cond" truecount="1" falsecount="1"/>
        <line num="143" count="1" type="stmt"/>
        <line num="144" count="1" type="stmt"/>
        <line num="145" count="1" type="stmt"/>
        <line num="146" count="1" type="stmt"/>
        <line num="150" count="1" type="stmt"/>
        <line num="153" count="11" type="stmt"/>
        <line num="155" count="11" type="stmt"/>
      </file>
    </package>
    <package name="storage.implementations">
      <metrics statements="50" coveredstatements="50" conditionals="11" coveredconditionals="10" methods="30" coveredmethods="30"/>
      <file name="CachedStorageAdapter.ts" path="D:\Projects\date-app\src\storage\implementations\CachedStorageAdapter.ts">
        <metrics statements="6" coveredstatements="6" conditionals="0" coveredconditionals="0" methods="6" coveredmethods="6"/>
        <line num="7" count="1" type="stmt"/>
        <line num="11" count="1" type="stmt"/>
        <line num="15" count="1" type="stmt"/>
        <line num="19" count="1" type="stmt"/>
        <line num="23" count="1" type="stmt"/>
        <line num="27" count="1" type="stmt"/>
      </file>
      <file name="LocalGameAdapter.ts" path="D:\Projects\date-app\src\storage\implementations\LocalGameAdapter.ts">
        <metrics statements="19" coveredstatements="19" conditionals="7" coveredconditionals="7" methods="8" coveredmethods="8"/>
        <line num="3" count="3" type="stmt"/>
        <line num="6" count="13" type="stmt"/>
        <line num="7" count="13" type="stmt"/>
        <line num="8" count="13" type="cond" truecount="2" falsecount="0"/>
        <line num="10" count="1" type="stmt"/>
        <line num="15" count="7" type="stmt"/>
        <line num="20" count="7" type="stmt"/>
        <line num="21" count="7" type="stmt"/>
        <line num="22" count="7" type="cond" truecount="2" falsecount="0"/>
        <line num="23" count="1" type="stmt"/>
        <line num="25" count="6" type="stmt"/>
        <line num="27" count="7" type="stmt"/>
        <line num="28" count="7" type="stmt"/>
        <line num="32" count="2" type="stmt"/>
        <line num="33" count="2" type="stmt"/>
        <line num="37" count="4" type="stmt"/>
        <line num="38" count="4" type="cond" truecount="2" falsecount="0"/>
        <line num="39" count="3" type="stmt"/>
        <line num="41" count="4" type="stmt"/>
      </file>
      <file name="LocalLibraryAdapter.ts" path="D:\Projects\date-app\src\storage\implementations\LocalLibraryAdapter.ts">
        <metrics statements="20" coveredstatements="20" conditionals="4" coveredconditionals="3" methods="11" coveredmethods="11"/>
        <line num="4" count="2" type="stmt"/>
        <line num="7" count="14" type="stmt"/>
        <line num="8" count="14" type="stmt"/>
        <line num="9" count="14" type="cond" truecount="2" falsecount="0"/>
        <line num="11" count="1" type="stmt"/>
        <line num="16" count="8" type="stmt"/>
        <line num="21" count="5" type="stmt"/>
        <line num="25" count="1" type="stmt"/>
        <line num="26" count="2" type="stmt"/>
        <line num="30" count="6" type="stmt"/>
        <line num="31" count="6" type="stmt"/>
        <line num="37" count="6" type="stmt"/>
        <line num="38" count="6" type="stmt"/>
        <line num="42" count="1" type="stmt"/>
        <line num="43" count="2" type="stmt"/>
        <line num="47" count="1" type="stmt"/>
        <line num="48" count="1" type="stmt"/>
        <line num="49" count="1" type="cond" truecount="1" falsecount="1"/>
        <line num="51" count="1" type="stmt"/>
        <line num="52" count="1" type="stmt"/>
      </file>
      <file name="RemoteStorageAdapter.ts" path="D:\Projects\date-app\src\storage\implementations\RemoteStorageAdapter.ts">
        <metrics statements="5" coveredstatements="5" conditionals="0" coveredconditionals="0" methods="5" coveredmethods="5"/>
        <line num="5" count="1" type="stmt"/>
        <line num="9" count="1" type="stmt"/>
        <line num="13" count="1" type="stmt"/>
        <line num="17" count="1" type="stmt"/>
        <line num="21" count="1" type="stmt"/>
      </file>
    </package>
    <package name="stores">
      <metrics statements="95" coveredstatements="93" conditionals="28" coveredconditionals="23" methods="43" coveredmethods="41"/>
      <file name="gameStore.ts" path="D:\Projects\date-app\src\stores\gameStore.ts">
        <metrics statements="77" coveredstatements="75" conditionals="21" coveredconditionals="18" methods="30" coveredmethods="28"/>
        <line num="6" count="2" type="stmt"/>
        <line num="13" count="15" type="stmt"/>
        <line num="29" count="5" type="stmt"/>
        <line num="30" count="68" type="stmt"/>
        <line num="35" count="3" type="stmt"/>
        <line num="36" count="3" type="stmt"/>
        <line num="37" count="3" type="stmt"/>
        <line num="38" count="3" type="stmt"/>
        <line num="39" count="3" type="stmt"/>
        <line num="40" count="3" type="stmt"/>
        <line num="42" count="3" type="stmt"/>
        <line num="43" count="36" type="stmt"/>
        <line num="44" count="36" type="stmt"/>
        <line num="45" count="156" type="cond" truecount="2" falsecount="0"/>
        <line num="46" count="108" type="stmt"/>
        <line num="47" count="108" type="cond" truecount="2" falsecount="0"/>
        <line num="49" count="120" type="stmt"/>
        <line num="52" count="36" type="stmt"/>
        <line num="53" count="36" type="stmt"/>
        <line num="54" count="36" type="stmt"/>
        <line num="55" count="576" type="cond" truecount="2" falsecount="0"/>
        <line num="58" count="36" type="cond" truecount="1" falsecount="1"/>
        <line num="59" count="36" type="stmt"/>
        <line num="60" count="36" type="stmt"/>
        <line num="63" count="36" type="stmt"/>
        <line num="66" count="3" type="stmt"/>
        <line num="93" count="2" type="stmt"/>
        <line num="95" count="11" type="cond" truecount="1" falsecount="0"/>
        <line num="96" count="11" type="stmt"/>
        <line num="108" count="4" type="stmt"/>
        <line num="109" count="4" type="stmt"/>
        <line num="116" count="4" type="stmt"/>
        <line num="120" count="1" type="stmt"/>
        <line num="121" count="1" type="cond" truecount="1" falsecount="1"/>
        <line num="122" count="1" type="stmt"/>
        <line num="131" count="6" type="stmt"/>
        <line num="132" count="6" type="stmt"/>
        <line num="136" count="2" type="stmt"/>
        <line num="137" count="2" type="stmt"/>
        <line num="138" count="8" type="cond" truecount="2" falsecount="0"/>
        <line num="140" count="8" type="cond" truecount="2" falsecount="0"/>
        <line num="143" count="2" type="stmt"/>
        <line num="150" count="2" type="stmt"/>
        <line num="154" count="2" type="stmt"/>
        <line num="157" count="8" type="stmt"/>
        <line num="160" count="2" type="stmt"/>
        <line num="163" count="0" type="stmt"/>
        <line num="165" count="0" type="stmt"/>
        <line num="168" count="2" type="stmt"/>
        <line num="169" count="2" type="stmt"/>
        <line num="170" count="2" type="stmt"/>
        <line num="172" count="2" type="stmt"/>
        <line num="173" count="2" type="stmt"/>
        <line num="175" count="2" type="stmt"/>
        <line num="177" count="2" type="stmt"/>
        <line num="178" count="24" type="stmt"/>
        <line num="179" count="12" type="stmt"/>
        <line num="181" count="12" type="cond" truecount="2" falsecount="0"/>
        <line num="182" count="1" type="stmt"/>
        <line num="183" count="1" type="stmt"/>
        <line num="184" count="1" type="stmt"/>
        <line num="185" count="4" type="stmt"/>
        <line num="186" count="9" type="stmt"/>
        <line num="187" count="73" type="cond" truecount="2" falsecount="0"/>
        <line num="189" count="9" type="stmt"/>
        <line num="191" count="4" type="stmt"/>
        <line num="193" count="1" type="stmt"/>
        <line num="195" count="1" type="stmt"/>
        <line num="198" count="24" type="stmt"/>
        <line num="201" count="2" type="stmt"/>
        <line num="205" count="2" type="stmt"/>
        <line num="213" count="2" type="stmt"/>
        <line num="217" count="1" type="stmt"/>
        <line num="218" count="1" type="stmt"/>
        <line num="219" count="1" type="stmt"/>
        <line num="220" count="1" type="stmt"/>
        <line num="224" count="2" type="stmt"/>
      </file>
      <file name="libraryStore.ts" path="D:\Projects\date-app\src\stores\libraryStore.ts">
        <metrics statements="18" coveredstatements="18" conditionals="7" coveredconditionals="5" methods="13" coveredmethods="13"/>
        <line num="21" count="1" type="stmt"/>
        <line num="23" count="7" type="cond" truecount="1" falsecount="0"/>
        <line num="24" count="7" type="stmt"/>
        <line num="31" count="2" type="stmt"/>
        <line num="37" count="2" type="cond" truecount="2" falsecount="0"/>
        <line num="38" count="1" type="stmt"/>
        <line num="39" count="1" type="stmt"/>
        <line num="43" count="1" type="stmt"/>
        <line num="44" count="1" type="stmt"/>
        <line num="45" count="1" type="stmt"/>
        <line num="49" count="1" type="stmt"/>
        <line num="50" count="1" type="stmt"/>
        <line num="54" count="1" type="stmt"/>
        <line num="55" count="1" type="cond" truecount="1" falsecount="1"/>
        <line num="56" count="1" type="stmt"/>
        <line num="57" count="1" type="cond" truecount="1" falsecount="1"/>
        <line num="60" count="1" type="stmt"/>
        <line num="65" count="1" type="stmt"/>
      </file>
    </package>
  </project>
</coverage>
