{"D:\\Projects\\date-app\\src\\components\\Board.jsx": {"path":"D:\\Projects\\date-app\\src\\components\\Board.jsx","statementMap":{"0":{"start":{"line":6,"column":8},"end":{"line":6,"column":71}},"1":{"start":{"line":6,"column":39},"end":{"line":6,"column":70}},"2":{"start":{"line":7,"column":6},"end":{"line":7,"column":56}},"3":{"start":{"line":7,"column":37},"end":{"line":7,"column":55}},"4":{"start":{"line":8,"column":6},"end":{"line":8,"column":40}},"5":{"start":{"line":8,"column":32},"end":{"line":8,"column":40}},"6":{"start":{"line":9,"column":6},"end":{"line":9,"column":52}},"7":{"start":{"line":9,"column":38},"end":{"line":9,"column":52}},"8":{"start":{"line":10,"column":6},"end":{"line":10,"column":62}},"9":{"start":{"line":10,"column":43},"end":{"line":10,"column":62}},"10":{"start":{"line":11,"column":6},"end":{"line":11,"column":38}},"11":{"start":{"line":11,"column":31},"end":{"line":11,"column":38}},"12":{"start":{"line":12,"column":6},"end":{"line":12,"column":40}},"13":{"start":{"line":12,"column":32},"end":{"line":12,"column":40}},"14":{"start":{"line":15,"column":17},"end":{"line":16,"column":null}},"15":{"start":{"line":16,"column":2},"end":{"line":16,"column":83}},"16":{"start":{"line":16,"column":32},"end":{"line":16,"column":77}},"17":{"start":{"line":18,"column":16},"end":{"line":18,"column":86}},"18":{"start":{"line":18,"column":40},"end":{"line":18,"column":85}},"19":{"start":{"line":18,"column":65},"end":{"line":18,"column":85}},"20":{"start":{"line":20,"column":2},"end":{"line":51,"column":null}},"21":{"start":{"line":24,"column":10},"end":{"line":31,"column":null}}},"fnMap":{"0":{"name":"Board","decl":{"start":{"line":5,"column":24},"end":{"line":5,"column":32}},"loc":{"start":{"line":5,"column":32},"end":{"line":51,"column":null}},"line":5},"1":{"name":"(anonymous_1)","decl":{"start":{"line":6,"column":21},"end":{"line":6,"column":34}},"loc":{"start":{"line":6,"column":39},"end":{"line":6,"column":70}},"line":6},"2":{"name":"(anonymous_2)","decl":{"start":{"line":7,"column":19},"end":{"line":7,"column":32}},"loc":{"start":{"line":7,"column":37},"end":{"line":7,"column":55}},"line":7},"3":{"name":"(anonymous_3)","decl":{"start":{"line":8,"column":14},"end":{"line":8,"column":27}},"loc":{"start":{"line":8,"column":32},"end":{"line":8,"column":40}},"line":8},"4":{"name":"(anonymous_4)","decl":{"start":{"line":9,"column":20},"end":{"line":9,"column":33}},"loc":{"start":{"line":9,"column":38},"end":{"line":9,"column":52}},"line":9},"5":{"name":"(anonymous_5)","decl":{"start":{"line":10,"column":25},"end":{"line":10,"column":38}},"loc":{"start":{"line":10,"column":43},"end":{"line":10,"column":62}},"line":10},"6":{"name":"(anonymous_6)","decl":{"start":{"line":11,"column":13},"end":{"line":11,"column":26}},"loc":{"start":{"line":11,"column":31},"end":{"line":11,"column":38}},"line":11},"7":{"name":"(anonymous_7)","decl":{"start":{"line":12,"column":14},"end":{"line":12,"column":27}},"loc":{"start":{"line":12,"column":32},"end":{"line":12,"column":40}},"line":12},"8":{"name":"(anonymous_8)","decl":{"start":{"line":15,"column":28},"end":{"line":15,"column":37}},"loc":{"start":{"line":16,"column":2},"end":{"line":16,"column":83}},"line":16},"9":{"name":"(anonymous_9)","decl":{"start":{"line":16,"column":13},"end":{"line":16,"column":18}},"loc":{"start":{"line":16,"column":32},"end":{"line":16,"column":77}},"line":16},"10":{"name":"(anonymous_10)","decl":{"start":{"line":18,"column":27},"end":{"line":18,"column":33}},"loc":{"start":{"line":18,"column":40},"end":{"line":18,"column":85}},"line":18},"11":{"name":"(anonymous_11)","decl":{"start":{"line":18,"column":51},"end":{"line":18,"column":57}},"loc":{"start":{"line":18,"column":65},"end":{"line":18,"column":85}},"line":18},"12":{"name":"(anonymous_12)","decl":{"start":{"line":23,"column":20},"end":{"line":23,"column":25}},"loc":{"start":{"line":24,"column":10},"end":{"line":31,"column":null}},"line":24}},"branchMap":{"0":{"loc":{"start":{"line":6,"column":39},"end":{"line":6,"column":70}},"type":"binary-expr","locations":[{"start":{"line":6,"column":39},"end":{"line":6,"column":68}},{"start":{"line":6,"column":68},"end":{"line":6,"column":70}}],"line":6},"1":{"loc":{"start":{"line":7,"column":37},"end":{"line":7,"column":55}},"type":"binary-expr","locations":[{"start":{"line":7,"column":37},"end":{"line":7,"column":53}},{"start":{"line":7,"column":53},"end":{"line":7,"column":55}}],"line":7},"2":{"loc":{"start":{"line":16,"column":2},"end":{"line":16,"column":83}},"type":"binary-expr","locations":[{"start":{"line":16,"column":2},"end":{"line":16,"column":77}},{"start":{"line":16,"column":81},"end":{"line":16,"column":83}}],"line":16},"3":{"loc":{"start":{"line":36,"column":9},"end":{"line":40,"column":null}},"type":"binary-expr","locations":[{"start":{"line":36,"column":9},"end":{"line":36,"column":null}},{"start":{"line":37,"column":10},"end":{"line":40,"column":null}}],"line":36},"4":{"loc":{"start":{"line":38,"column":13},"end":{"line":39,"column":24}},"type":"binary-expr","locations":[{"start":{"line":38,"column":13},"end":{"line":38,"column":25}},{"start":{"line":38,"column":25},"end":{"line":39,"column":24}}],"line":38},"5":{"loc":{"start":{"line":39,"column":13},"end":{"line":40,"column":null}},"type":"binary-expr","locations":[{"start":{"line":39,"column":13},"end":{"line":39,"column":24}},{"start":{"line":39,"column":24},"end":{"line":40,"column":null}}],"line":39},"6":{"loc":{"start":{"line":42,"column":9},"end":{"line":45,"column":null}},"type":"binary-expr","locations":[{"start":{"line":42,"column":9},"end":{"line":42,"column":36}},{"start":{"line":42,"column":36},"end":{"line":42,"column":45}},{"start":{"line":42,"column":45},"end":{"line":42,"column":null}},{"start":{"line":43,"column":10},"end":{"line":45,"column":null}}],"line":42},"7":{"loc":{"start":{"line":48,"column":9},"end":{"line":51,"column":null}},"type":"binary-expr","locations":[{"start":{"line":48,"column":9},"end":{"line":48,"column":null}},{"start":{"line":49,"column":10},"end":{"line":51,"column":null}}],"line":48}},"s":{"0":6,"1":6,"2":6,"3":6,"4":6,"5":6,"6":6,"7":6,"8":6,"9":6,"10":6,"11":6,"12":6,"13":6,"14":6,"15":16,"16":64,"17":6,"18":7,"19":19,"20":6,"21":16},"f":{"0":6,"1":6,"2":6,"3":6,"4":6,"5":6,"6":6,"7":6,"8":16,"9":64,"10":7,"11":19,"12":16},"b":{"0":[6,2],"1":[6,2],"2":[16,0],"3":[6,2],"4":[2,1],"5":[2,1],"6":[6,1,1,1],"7":[6,1]},"meta":{"lastBranch":8,"lastFunction":13,"lastStatement":22,"seen":{"f:5:24:5:32":0,"s:6:8:6:71":0,"f:6:21:6:34":1,"s:6:39:6:70":1,"b:6:39:6:68:6:68:6:70":0,"s:7:6:7:56":2,"f:7:19:7:32":2,"s:7:37:7:55":3,"b:7:37:7:53:7:53:7:55":1,"s:8:6:8:40":4,"f:8:14:8:27":3,"s:8:32:8:40":5,"s:9:6:9:52":6,"f:9:20:9:33":4,"s:9:38:9:52":7,"s:10:6:10:62":8,"f:10:25:10:38":5,"s:10:43:10:62":9,"s:11:6:11:38":10,"f:11:13:11:26":6,"s:11:31:11:38":11,"s:12:6:12:40":12,"f:12:14:12:27":7,"s:12:32:12:40":13,"s:15:17:16:Infinity":14,"f:15:28:15:37":8,"s:16:2:16:83":15,"b:16:2:16:77:16:81:16:83":2,"f:16:13:16:18":9,"s:16:32:16:77":16,"s:18:16:18:86":17,"f:18:27:18:33":10,"s:18:40:18:85":18,"f:18:51:18:57":11,"s:18:65:18:85":19,"s:20:2:51:Infinity":20,"f:23:20:23:25":12,"s:24:10:31:Infinity":21,"b:36:9:36:Infinity:37:10:40:Infinity":3,"b:38:13:38:25:38:25:39:24":4,"b:39:13:39:24:39:24:40:Infinity":5,"b:42:9:42:36:42:36:42:45:42:45:42:Infinity:43:10:45:Infinity":6,"b:48:9:48:Infinity:49:10:51:Infinity":7}}}
,"D:\\Projects\\date-app\\src\\components\\Category.jsx": {"path":"D:\\Projects\\date-app\\src\\components\\Category.jsx","statementMap":{"0":{"start":{"line":5,"column":10},"end":{"line":5,"column":null}},"1":{"start":{"line":6,"column":2},"end":{"line":7,"column":null}},"2":{"start":{"line":6,"column":15},"end":{"line":6,"column":18}},"3":{"start":{"line":7,"column":4},"end":{"line":7,"column":null}},"4":{"start":{"line":9,"column":2},"end":{"line":11,"column":null}},"5":{"start":{"line":10,"column":4},"end":{"line":10,"column":null}},"6":{"start":{"line":11,"column":4},"end":{"line":11,"column":null}},"7":{"start":{"line":16,"column":15},"end":{"line":16,"column":29}},"8":{"start":{"line":17,"column":8},"end":{"line":17,"column":null}},"9":{"start":{"line":17,"column":19},"end":{"line":17,"column":null}},"10":{"start":{"line":20,"column":13},"end":{"line":20,"column":null}},"11":{"start":{"line":21,"column":13},"end":{"line":21,"column":null}},"12":{"start":{"line":22,"column":13},"end":{"line":22,"column":null}},"13":{"start":{"line":23,"column":13},"end":{"line":23,"column":null}},"14":{"start":{"line":27,"column":17},"end":{"line":27,"column":null}},"15":{"start":{"line":28,"column":8},"end":{"line":28,"column":null}},"16":{"start":{"line":28,"column":18},"end":{"line":28,"column":null}},"17":{"start":{"line":30,"column":16},"end":{"line":33,"column":null}},"18":{"start":{"line":37,"column":16},"end":{"line":37,"column":36}},"19":{"start":{"line":38,"column":8},"end":{"line":38,"column":null}},"20":{"start":{"line":38,"column":20},"end":{"line":38,"column":null}},"21":{"start":{"line":39,"column":8},"end":{"line":39,"column":null}},"22":{"start":{"line":39,"column":19},"end":{"line":39,"column":null}},"23":{"start":{"line":40,"column":14},"end":{"line":40,"column":null}},"24":{"start":{"line":41,"column":14},"end":{"line":41,"column":null}},"25":{"start":{"line":43,"column":16},"end":{"line":46,"column":null}},"26":{"start":{"line":49,"column":2},"end":{"line":68,"column":null}},"27":{"start":{"line":76,"column":2},"end":{"line":97,"column":null}},"28":{"start":{"line":103,"column":8},"end":{"line":103,"column":52}},"29":{"start":{"line":103,"column":39},"end":{"line":103,"column":52}},"30":{"start":{"line":105,"column":2},"end":{"line":145,"column":null}},"31":{"start":{"line":110,"column":26},"end":{"line":111,"column":null}},"32":{"start":{"line":111,"column":17},"end":{"line":111,"column":null}},"33":{"start":{"line":113,"column":31},"end":{"line":113,"column":59}},"34":{"start":{"line":114,"column":27},"end":{"line":119,"column":null}},"35":{"start":{"line":117,"column":33},"end":{"line":118,"column":null}},"36":{"start":{"line":118,"column":38},"end":{"line":118,"column":95}},"37":{"start":{"line":121,"column":10},"end":{"line":142,"column":null}},"38":{"start":{"line":132,"column":33},"end":{"line":132,"column":73}}},"fnMap":{"0":{"name":"seedRand","decl":{"start":{"line":4,"column":9},"end":{"line":4,"column":18}},"loc":{"start":{"line":4,"column":23},"end":{"line":11,"column":null}},"line":4},"1":{"name":"(anonymous_1)","decl":{"start":{"line":9,"column":2},"end":{"line":9,"column":15}},"loc":{"start":{"line":9,"column":15},"end":{"line":11,"column":null}},"line":9},"2":{"name":"HandCircle","decl":{"start":{"line":15,"column":9},"end":{"line":15,"column":20}},"loc":{"start":{"line":15,"column":30},"end":{"line":68,"column":null}},"line":15},"3":{"name":"(anonymous_3)","decl":{"start":{"line":17,"column":8},"end":{"line":17,"column":19}},"loc":{"start":{"line":17,"column":19},"end":{"line":17,"column":null}},"line":17},"4":{"name":"(anonymous_4)","decl":{"start":{"line":28,"column":8},"end":{"line":28,"column":18}},"loc":{"start":{"line":28,"column":18},"end":{"line":28,"column":null}},"line":28},"5":{"name":"(anonymous_5)","decl":{"start":{"line":38,"column":8},"end":{"line":38,"column":20}},"loc":{"start":{"line":38,"column":20},"end":{"line":38,"column":null}},"line":38},"6":{"name":"(anonymous_6)","decl":{"start":{"line":39,"column":8},"end":{"line":39,"column":19}},"loc":{"start":{"line":39,"column":19},"end":{"line":39,"column":null}},"line":39},"7":{"name":"MarkerStrike","decl":{"start":{"line":74,"column":9},"end":{"line":74,"column":24}},"loc":{"start":{"line":74,"column":24},"end":{"line":97,"column":null}},"line":74},"8":{"name":"Category","decl":{"start":{"line":102,"column":24},"end":{"line":102,"column":33}},"loc":{"start":{"line":102,"column":86},"end":{"line":145,"column":null}},"line":102},"9":{"name":"(anonymous_9)","decl":{"start":{"line":103,"column":21},"end":{"line":103,"column":34}},"loc":{"start":{"line":103,"column":39},"end":{"line":103,"column":52}},"line":103},"10":{"name":"(anonymous_10)","decl":{"start":{"line":109,"column":25},"end":{"line":109,"column":30}},"loc":{"start":{"line":109,"column":43},"end":{"line":142,"column":null}},"line":109},"11":{"name":"(anonymous_11)","decl":{"start":{"line":110,"column":35},"end":{"line":110,"column":null}},"loc":{"start":{"line":111,"column":17},"end":{"line":111,"column":null}},"line":111},"12":{"name":"(anonymous_12)","decl":{"start":{"line":117,"column":21},"end":{"line":117,"column":28}},"loc":{"start":{"line":117,"column":33},"end":{"line":118,"column":null}},"line":117},"13":{"name":"(anonymous_13)","decl":{"start":{"line":118,"column":23},"end":{"line":118,"column":33}},"loc":{"start":{"line":118,"column":38},"end":{"line":118,"column":95}},"line":118},"14":{"name":"(anonymous_14)","decl":{"start":{"line":132,"column":18},"end":{"line":132,"column":28}},"loc":{"start":{"line":132,"column":33},"end":{"line":132,"column":73}},"line":132}},"branchMap":{"0":{"loc":{"start":{"line":111,"column":17},"end":{"line":111,"column":null}},"type":"binary-expr","locations":[{"start":{"line":111,"column":17},"end":{"line":111,"column":44}},{"start":{"line":111,"column":44},"end":{"line":111,"column":null}}],"line":111},"1":{"loc":{"start":{"line":114,"column":27},"end":{"line":119,"column":null}},"type":"binary-expr","locations":[{"start":{"line":114,"column":27},"end":{"line":114,"column":null}},{"start":{"line":115,"column":12},"end":{"line":115,"column":null}},{"start":{"line":116,"column":12},"end":{"line":116,"column":null}},{"start":{"line":117,"column":12},"end":{"line":119,"column":null}}],"line":114},"2":{"loc":{"start":{"line":117,"column":33},"end":{"line":118,"column":null}},"type":"binary-expr","locations":[{"start":{"line":117,"column":33},"end":{"line":117,"column":60}},{"start":{"line":117,"column":60},"end":{"line":118,"column":null}}],"line":117},"3":{"loc":{"start":{"line":118,"column":38},"end":{"line":118,"column":95}},"type":"binary-expr","locations":[{"start":{"line":118,"column":38},"end":{"line":118,"column":67}},{"start":{"line":118,"column":67},"end":{"line":118,"column":95}}],"line":118},"4":{"loc":{"start":{"line":124,"column":33},"end":{"line":124,"column":66}},"type":"cond-expr","locations":[{"start":{"line":124,"column":48},"end":{"line":124,"column":63}},{"start":{"line":124,"column":63},"end":{"line":124,"column":66}}],"line":124},"5":{"loc":{"start":{"line":124,"column":69},"end":{"line":124,"column":null}},"type":"cond-expr","locations":[{"start":{"line":124,"column":80},"end":{"line":124,"column":96}},{"start":{"line":124,"column":96},"end":{"line":124,"column":null}}],"line":124},"6":{"loc":{"start":{"line":126,"column":15},"end":{"line":139,"column":null}},"type":"cond-expr","locations":[{"start":{"line":127,"column":16},"end":{"line":136,"column":17}},{"start":{"line":136,"column":16},"end":{"line":139,"column":null}}],"line":126},"7":{"loc":{"start":{"line":138,"column":19},"end":{"line":138,"column":null}},"type":"binary-expr","locations":[{"start":{"line":138,"column":19},"end":{"line":138,"column":35}},{"start":{"line":138,"column":35},"end":{"line":138,"column":null}}],"line":138},"8":{"loc":{"start":{"line":139,"column":19},"end":{"line":139,"column":null}},"type":"binary-expr","locations":[{"start":{"line":139,"column":19},"end":{"line":139,"column":31}},{"start":{"line":139,"column":31},"end":{"line":139,"column":null}}],"line":139}},"s":{"0":2,"1":2,"2":2,"3":11,"4":2,"5":34,"6":34,"7":1,"8":1,"9":18,"10":1,"11":1,"12":1,"13":1,"14":1,"15":1,"16":14,"17":1,"18":1,"19":1,"20":16,"21":1,"22":14,"23":1,"24":1,"25":1,"26":1,"27":5,"28":22,"29":22,"30":22,"31":84,"32":594,"33":84,"34":84,"35":256,"36":574,"37":84,"38":1},"f":{"0":2,"1":34,"2":1,"3":18,"4":14,"5":16,"6":14,"7":5,"8":22,"9":22,"10":84,"11":594,"12":256,"13":574,"14":1},"b":{"0":[594,210],"1":[84,28,23,19],"2":[256,76],"3":[574,190],"4":[5,79],"5":[1,83],"6":[40,44],"7":[44,5],"8":[44,1]},"meta":{"lastBranch":9,"lastFunction":15,"lastStatement":39,"seen":{"f:4:9:4:18":0,"s:5:10:5:Infinity":0,"s:6:2:7:Infinity":1,"s:6:15:6:18":2,"s:7:4:7:Infinity":3,"s:9:2:11:Infinity":4,"f:9:2:9:15":1,"s:10:4:10:Infinity":5,"s:11:4:11:Infinity":6,"f:15:9:15:20":2,"s:16:15:16:29":7,"s:17:8:17:Infinity":8,"f:17:8:17:19":3,"s:17:19:17:Infinity":9,"s:20:13:20:Infinity":10,"s:21:13:21:Infinity":11,"s:22:13:22:Infinity":12,"s:23:13:23:Infinity":13,"s:27:17:27:Infinity":14,"s:28:8:28:Infinity":15,"f:28:8:28:18":4,"s:28:18:28:Infinity":16,"s:30:16:33:Infinity":17,"s:37:16:37:36":18,"s:38:8:38:Infinity":19,"f:38:8:38:20":5,"s:38:20:38:Infinity":20,"s:39:8:39:Infinity":21,"f:39:8:39:19":6,"s:39:19:39:Infinity":22,"s:40:14:40:Infinity":23,"s:41:14:41:Infinity":24,"s:43:16:46:Infinity":25,"s:49:2:68:Infinity":26,"f:74:9:74:24":7,"s:76:2:97:Infinity":27,"f:102:24:102:33":8,"s:103:8:103:52":28,"f:103:21:103:34":9,"s:103:39:103:52":29,"s:105:2:145:Infinity":30,"f:109:25:109:30":10,"s:110:26:111:Infinity":31,"f:110:35:110:Infinity":11,"s:111:17:111:Infinity":32,"b:111:17:111:44:111:44:111:Infinity":0,"s:113:31:113:59":33,"s:114:27:119:Infinity":34,"b:114:27:114:Infinity:115:12:115:Infinity:116:12:116:Infinity:117:12:119:Infinity":1,"f:117:21:117:28":12,"s:117:33:118:Infinity":35,"b:117:33:117:60:117:60:118:Infinity":2,"f:118:23:118:33":13,"s:118:38:118:95":36,"b:118:38:118:67:118:67:118:95":3,"s:121:10:142:Infinity":37,"b:124:48:124:63:124:63:124:66":4,"b:124:80:124:96:124:96:124:Infinity":5,"b:127:16:136:17:136:16:139:Infinity":6,"f:132:18:132:28":14,"s:132:33:132:73":38,"b:138:19:138:35:138:35:138:Infinity":7,"b:139:19:139:31:139:31:139:Infinity":8}}}
,"D:\\Projects\\date-app\\src\\components\\DevTools.jsx": {"path":"D:\\Projects\\date-app\\src\\components\\DevTools.jsx","statementMap":{"0":{"start":{"line":3,"column":18},"end":{"line":20,"column":null}},"1":{"start":{"line":23,"column":15},"end":{"line":23,"column":41}},"2":{"start":{"line":25,"column":2},"end":{"line":39,"column":null}},"3":{"start":{"line":27,"column":57},"end":{"line":27,"column":73}},"4":{"start":{"line":27,"column":70},"end":{"line":27,"column":73}},"5":{"start":{"line":34,"column":35},"end":{"line":34,"column":52}}},"fnMap":{"0":{"name":"DevTools","decl":{"start":{"line":22,"column":24},"end":{"line":22,"column":33}},"loc":{"start":{"line":22,"column":54},"end":{"line":39,"column":null}},"line":22},"1":{"name":"(anonymous_1)","decl":{"start":{"line":27,"column":42},"end":{"line":27,"column":57}},"loc":{"start":{"line":27,"column":57},"end":{"line":27,"column":73}},"line":27},"2":{"name":"(anonymous_2)","decl":{"start":{"line":27,"column":57},"end":{"line":27,"column":65}},"loc":{"start":{"line":27,"column":70},"end":{"line":27,"column":73}},"line":27},"3":{"name":"(anonymous_3)","decl":{"start":{"line":34,"column":20},"end":{"line":34,"column":35}},"loc":{"start":{"line":34,"column":35},"end":{"line":34,"column":52}},"line":34}},"branchMap":{"0":{"loc":{"start":{"line":28,"column":12},"end":{"line":28,"column":null}},"type":"cond-expr","locations":[{"start":{"line":28,"column":19},"end":{"line":28,"column":28}},{"start":{"line":28,"column":28},"end":{"line":28,"column":null}}],"line":28},"1":{"loc":{"start":{"line":30,"column":7},"end":{"line":39,"column":null}},"type":"binary-expr","locations":[{"start":{"line":30,"column":7},"end":{"line":30,"column":null}},{"start":{"line":31,"column":8},"end":{"line":39,"column":null}}],"line":30}},"s":{"0":1,"1":8,"2":8,"3":4,"4":4,"5":1},"f":{"0":8,"1":4,"2":4,"3":1},"b":{"0":[3,5],"1":[8,3]},"meta":{"lastBranch":2,"lastFunction":4,"lastStatement":6,"seen":{"s:3:18:20:Infinity":0,"f:22:24:22:33":0,"s:23:15:23:41":1,"s:25:2:39:Infinity":2,"f:27:42:27:57":1,"s:27:57:27:73":3,"f:27:57:27:65":2,"s:27:70:27:73":4,"b:28:19:28:28:28:28:28:Infinity":0,"b:30:7:30:Infinity:31:8:39:Infinity":1,"f:34:20:34:35":3,"s:34:35:34:52":5}}}
,"D:\\Projects\\date-app\\src\\components\\HistoryPanel.jsx": {"path":"D:\\Projects\\date-app\\src\\components\\HistoryPanel.jsx","statementMap":{"0":{"start":{"line":4,"column":16},"end":{"line":4,"column":40}},"1":{"start":{"line":5,"column":18},"end":{"line":5,"column":46}},"2":{"start":{"line":7,"column":2},"end":{"line":18,"column":null}},"3":{"start":{"line":9,"column":6},"end":{"line":14,"column":null}},"4":{"start":{"line":10,"column":24},"end":{"line":10,"column":67}},"5":{"start":{"line":12,"column":8},"end":{"line":12,"column":null}},"6":{"start":{"line":12,"column":40},"end":{"line":12,"column":85}},"7":{"start":{"line":14,"column":8},"end":{"line":14,"column":null}},"8":{"start":{"line":17,"column":4},"end":{"line":17,"column":null}},"9":{"start":{"line":20,"column":2},"end":{"line":20,"column":null}},"10":{"start":{"line":20,"column":15},"end":{"line":20,"column":null}},"11":{"start":{"line":22,"column":2},"end":{"line":50,"column":null}},"12":{"start":{"line":30,"column":25},"end":{"line":30,"column":49}},"13":{"start":{"line":31,"column":32},"end":{"line":31,"column":54}},"14":{"start":{"line":32,"column":31},"end":{"line":32,"column":null}},"15":{"start":{"line":34,"column":12},"end":{"line":47,"column":null}},"16":{"start":{"line":41,"column":20},"end":{"line":44,"column":null}}},"fnMap":{"0":{"name":"HistoryPanel","decl":{"start":{"line":3,"column":24},"end":{"line":3,"column":37}},"loc":{"start":{"line":3,"column":50},"end":{"line":50,"column":null}},"line":3},"1":{"name":"(anonymous_1)","decl":{"start":{"line":7,"column":2},"end":{"line":7,"column":18}},"loc":{"start":{"line":7,"column":18},"end":{"line":18,"column":6}},"line":7},"2":{"name":"loadHistory","decl":{"start":{"line":8,"column":19},"end":{"line":8,"column":33}},"loc":{"start":{"line":8,"column":33},"end":{"line":14,"column":null}},"line":8},"3":{"name":"(anonymous_3)","decl":{"start":{"line":12,"column":25},"end":{"line":12,"column":31}},"loc":{"start":{"line":12,"column":40},"end":{"line":12,"column":85}},"line":12},"4":{"name":"(anonymous_4)","decl":{"start":{"line":29,"column":18},"end":{"line":29,"column":22}},"loc":{"start":{"line":29,"column":30},"end":{"line":47,"column":null}},"line":29},"5":{"name":"(anonymous_5)","decl":{"start":{"line":40,"column":33},"end":{"line":40,"column":37}},"loc":{"start":{"line":41,"column":20},"end":{"line":44,"column":null}},"line":41}},"branchMap":{"0":{"loc":{"start":{"line":20,"column":2},"end":{"line":20,"column":null}},"type":"if","locations":[{"start":{"line":20,"column":2},"end":{"line":20,"column":null}},{"start":{},"end":{}}],"line":20},"1":{"loc":{"start":{"line":25,"column":7},"end":{"line":50,"column":null}},"type":"cond-expr","locations":[{"start":{"line":26,"column":8},"end":{"line":28,"column":9}},{"start":{"line":28,"column":8},"end":{"line":50,"column":null}}],"line":25},"2":{"loc":{"start":{"line":32,"column":31},"end":{"line":32,"column":null}},"type":"cond-expr","locations":[{"start":{"line":32,"column":45},"end":{"line":32,"column":70}},{"start":{"line":32,"column":73},"end":{"line":32,"column":null}}],"line":32}},"s":{"0":6,"1":6,"2":6,"3":3,"4":3,"5":3,"6":0,"7":3,"8":3,"9":6,"10":3,"11":3,"12":2,"13":2,"14":2,"15":2,"16":1},"f":{"0":6,"1":3,"2":3,"3":0,"4":2,"5":1},"b":{"0":[3,3],"1":[1,2],"2":[2,0]},"meta":{"lastBranch":3,"lastFunction":6,"lastStatement":17,"seen":{"f:3:24:3:37":0,"s:4:16:4:40":0,"s:5:18:5:46":1,"s:7:2:18:Infinity":2,"f:7:2:7:18":1,"f:8:19:8:33":2,"s:9:6:14:Infinity":3,"s:10:24:10:67":4,"s:12:8:12:Infinity":5,"f:12:25:12:31":3,"s:12:40:12:85":6,"s:14:8:14:Infinity":7,"s:17:4:17:Infinity":8,"b:20:2:20:Infinity:undefined:undefined:undefined:undefined":0,"s:20:2:20:Infinity":9,"s:20:15:20:Infinity":10,"s:22:2:50:Infinity":11,"b:26:8:28:9:28:8:50:Infinity":1,"f:29:18:29:22":4,"s:30:25:30:49":12,"s:31:32:31:54":13,"s:32:31:32:Infinity":14,"b:32:45:32:70:32:73:32:Infinity":2,"s:34:12:47:Infinity":15,"f:40:33:40:37":5,"s:41:20:44:Infinity":16}}}
,"D:\\Projects\\date-app\\src\\components\\LibraryPanel.jsx": {"path":"D:\\Projects\\date-app\\src\\components\\LibraryPanel.jsx","statementMap":{"0":{"start":{"line":6,"column":8},"end":{"line":6,"column":45}},"1":{"start":{"line":6,"column":37},"end":{"line":6,"column":45}},"2":{"start":{"line":7,"column":8},"end":{"line":7,"column":57}},"3":{"start":{"line":7,"column":43},"end":{"line":7,"column":57}},"4":{"start":{"line":8,"column":8},"end":{"line":8,"column":55}},"5":{"start":{"line":8,"column":42},"end":{"line":8,"column":55}},"6":{"start":{"line":9,"column":8},"end":{"line":9,"column":49}},"7":{"start":{"line":9,"column":39},"end":{"line":9,"column":49}},"8":{"start":{"line":10,"column":8},"end":{"line":10,"column":55}},"9":{"start":{"line":10,"column":42},"end":{"line":10,"column":55}},"10":{"start":{"line":11,"column":8},"end":{"line":11,"column":57}},"11":{"start":{"line":11,"column":43},"end":{"line":11,"column":57}},"12":{"start":{"line":12,"column":22},"end":{"line":12,"column":52}},"13":{"start":{"line":14,"column":2},"end":{"line":16,"column":null}},"14":{"start":{"line":15,"column":4},"end":{"line":15,"column":null}},"15":{"start":{"line":19,"column":10},"end":{"line":19,"column":53}},"16":{"start":{"line":20,"column":4},"end":{"line":20,"column":null}},"17":{"start":{"line":20,"column":15},"end":{"line":20,"column":null}},"18":{"start":{"line":21,"column":4},"end":{"line":21,"column":null}},"19":{"start":{"line":22,"column":4},"end":{"line":22,"column":null}},"20":{"start":{"line":22,"column":28},"end":{"line":22,"column":57}},"21":{"start":{"line":26,"column":4},"end":{"line":26,"column":null}},"22":{"start":{"line":26,"column":27},"end":{"line":26,"column":null}},"23":{"start":{"line":29,"column":2},"end":{"line":29,"column":null}},"24":{"start":{"line":29,"column":20},"end":{"line":29,"column":null}},"25":{"start":{"line":31,"column":2},"end":{"line":81,"column":null}},"26":{"start":{"line":37,"column":10},"end":{"line":79,"column":null}},"27":{"start":{"line":44,"column":16},"end":{"line":59,"column":null}},"28":{"start":{"line":47,"column":35},"end":{"line":47,"column":68}},"29":{"start":{"line":54,"column":35},"end":{"line":54,"column":54}},"30":{"start":{"line":68,"column":31},"end":{"line":68,"column":96}},"31":{"start":{"line":68,"column":55},"end":{"line":68,"column":96}},"32":{"start":{"line":69,"column":32},"end":{"line":69,"column":58}},"33":{"start":{"line":74,"column":31},"end":{"line":74,"column":50}}},"fnMap":{"0":{"name":"LibraryPanel","decl":{"start":{"line":5,"column":24},"end":{"line":5,"column":37}},"loc":{"start":{"line":5,"column":67},"end":{"line":81,"column":null}},"line":5},"1":{"name":"(anonymous_1)","decl":{"start":{"line":6,"column":16},"end":{"line":6,"column":32}},"loc":{"start":{"line":6,"column":37},"end":{"line":6,"column":45}},"line":6},"2":{"name":"(anonymous_2)","decl":{"start":{"line":7,"column":22},"end":{"line":7,"column":38}},"loc":{"start":{"line":7,"column":43},"end":{"line":7,"column":57}},"line":7},"3":{"name":"(anonymous_3)","decl":{"start":{"line":8,"column":21},"end":{"line":8,"column":37}},"loc":{"start":{"line":8,"column":42},"end":{"line":8,"column":55}},"line":8},"4":{"name":"(anonymous_4)","decl":{"start":{"line":9,"column":18},"end":{"line":9,"column":34}},"loc":{"start":{"line":9,"column":39},"end":{"line":9,"column":49}},"line":9},"5":{"name":"(anonymous_5)","decl":{"start":{"line":10,"column":21},"end":{"line":10,"column":37}},"loc":{"start":{"line":10,"column":42},"end":{"line":10,"column":55}},"line":10},"6":{"name":"(anonymous_6)","decl":{"start":{"line":11,"column":22},"end":{"line":11,"column":38}},"loc":{"start":{"line":11,"column":43},"end":{"line":11,"column":57}},"line":11},"7":{"name":"(anonymous_7)","decl":{"start":{"line":14,"column":2},"end":{"line":14,"column":18}},"loc":{"start":{"line":14,"column":18},"end":{"line":16,"column":6}},"line":14},"8":{"name":"handleAdd","decl":{"start":{"line":18,"column":17},"end":{"line":18,"column":27}},"loc":{"start":{"line":18,"column":37},"end":{"line":22,"column":null}},"line":18},"9":{"name":"(anonymous_9)","decl":{"start":{"line":22,"column":4},"end":{"line":22,"column":19}},"loc":{"start":{"line":22,"column":28},"end":{"line":22,"column":57}},"line":22},"10":{"name":"handleKeyDown","decl":{"start":{"line":25,"column":11},"end":{"line":25,"column":25}},"loc":{"start":{"line":25,"column":38},"end":{"line":26,"column":null}},"line":25},"11":{"name":"(anonymous_11)","decl":{"start":{"line":36,"column":21},"end":{"line":36,"column":25}},"loc":{"start":{"line":37,"column":10},"end":{"line":79,"column":null}},"line":37},"12":{"name":"(anonymous_12)","decl":{"start":{"line":43,"column":38},"end":{"line":43,"column":42}},"loc":{"start":{"line":44,"column":16},"end":{"line":59,"column":null}},"line":44},"13":{"name":"(anonymous_13)","decl":{"start":{"line":47,"column":20},"end":{"line":47,"column":35}},"loc":{"start":{"line":47,"column":35},"end":{"line":47,"column":68}},"line":47},"14":{"name":"(anonymous_14)","decl":{"start":{"line":54,"column":20},"end":{"line":54,"column":35}},"loc":{"start":{"line":54,"column":35},"end":{"line":54,"column":54}},"line":54},"15":{"name":"(anonymous_15)","decl":{"start":{"line":68,"column":16},"end":{"line":68,"column":26}},"loc":{"start":{"line":68,"column":31},"end":{"line":68,"column":96}},"line":68},"16":{"name":"(anonymous_16)","decl":{"start":{"line":68,"column":31},"end":{"line":68,"column":46}},"loc":{"start":{"line":68,"column":55},"end":{"line":68,"column":96}},"line":68},"17":{"name":"(anonymous_17)","decl":{"start":{"line":69,"column":16},"end":{"line":69,"column":27}},"loc":{"start":{"line":69,"column":32},"end":{"line":69,"column":58}},"line":69},"18":{"name":"(anonymous_18)","decl":{"start":{"line":74,"column":16},"end":{"line":74,"column":31}},"loc":{"start":{"line":74,"column":31},"end":{"line":74,"column":50}},"line":74}},"branchMap":{"0":{"loc":{"start":{"line":19,"column":18},"end":{"line":19,"column":47}},"type":"binary-expr","locations":[{"start":{"line":19,"column":18},"end":{"line":19,"column":43}},{"start":{"line":19,"column":43},"end":{"line":19,"column":47}}],"line":19},"1":{"loc":{"start":{"line":20,"column":4},"end":{"line":20,"column":null}},"type":"if","locations":[{"start":{"line":20,"column":4},"end":{"line":20,"column":null}},{"start":{},"end":{}}],"line":20},"2":{"loc":{"start":{"line":26,"column":4},"end":{"line":26,"column":null}},"type":"if","locations":[{"start":{"line":26,"column":4},"end":{"line":26,"column":null}},{"start":{},"end":{}}],"line":26},"3":{"loc":{"start":{"line":29,"column":2},"end":{"line":29,"column":null}},"type":"if","locations":[{"start":{"line":29,"column":2},"end":{"line":29,"column":null}},{"start":{},"end":{}}],"line":29},"4":{"loc":{"start":{"line":40,"column":15},"end":{"line":43,"column":27}},"type":"binary-expr","locations":[{"start":{"line":40,"column":15},"end":{"line":40,"column":null}},{"start":{"line":41,"column":16},"end":{"line":43,"column":27}}],"line":40},"5":{"loc":{"start":{"line":67,"column":23},"end":{"line":67,"column":null}},"type":"binary-expr","locations":[{"start":{"line":67,"column":23},"end":{"line":67,"column":48}},{"start":{"line":67,"column":48},"end":{"line":67,"column":null}}],"line":67}},"s":{"0":8,"1":8,"2":8,"3":8,"4":8,"5":8,"6":8,"7":8,"8":8,"9":8,"10":8,"11":8,"12":8,"13":8,"14":6,"15":1,"16":1,"17":0,"18":1,"19":1,"20":1,"21":0,"22":0,"23":8,"24":0,"25":8,"26":14,"27":2,"28":1,"29":1,"30":1,"31":1,"32":0,"33":1},"f":{"0":8,"1":8,"2":8,"3":8,"4":8,"5":8,"6":8,"7":6,"8":1,"9":1,"10":0,"11":14,"12":2,"13":1,"14":1,"15":1,"16":1,"17":0,"18":1},"b":{"0":[1,0],"1":[0,1],"2":[0,0],"3":[0,8],"4":[14,12],"5":[14,13]},"meta":{"lastBranch":6,"lastFunction":19,"lastStatement":34,"seen":{"f:5:24:5:37":0,"s:6:8:6:45":0,"f:6:16:6:32":1,"s:6:37:6:45":1,"s:7:8:7:57":2,"f:7:22:7:38":2,"s:7:43:7:57":3,"s:8:8:8:55":4,"f:8:21:8:37":3,"s:8:42:8:55":5,"s:9:8:9:49":6,"f:9:18:9:34":4,"s:9:39:9:49":7,"s:10:8:10:55":8,"f:10:21:10:37":5,"s:10:42:10:55":9,"s:11:8:11:57":10,"f:11:22:11:38":6,"s:11:43:11:57":11,"s:12:22:12:52":12,"s:14:2:16:Infinity":13,"f:14:2:14:18":7,"s:15:4:15:Infinity":14,"f:18:17:18:27":8,"s:19:10:19:53":15,"b:19:18:19:43:19:43:19:47":0,"b:20:4:20:Infinity:undefined:undefined:undefined:undefined":1,"s:20:4:20:Infinity":16,"s:20:15:20:Infinity":17,"s:21:4:21:Infinity":18,"s:22:4:22:Infinity":19,"f:22:4:22:19":9,"s:22:28:22:57":20,"f:25:11:25:25":10,"b:26:4:26:Infinity:undefined:undefined:undefined:undefined":2,"s:26:4:26:Infinity":21,"s:26:27:26:Infinity":22,"b:29:2:29:Infinity:undefined:undefined:undefined:undefined":3,"s:29:2:29:Infinity":23,"s:29:20:29:Infinity":24,"s:31:2:81:Infinity":25,"f:36:21:36:25":11,"s:37:10:79:Infinity":26,"b:40:15:40:Infinity:41:16:43:27":4,"f:43:38:43:42":12,"s:44:16:59:Infinity":27,"f:47:20:47:35":13,"s:47:35:47:68":28,"f:54:20:54:35":14,"s:54:35:54:54":29,"b:67:23:67:48:67:48:67:Infinity":5,"f:68:16:68:26":15,"s:68:31:68:96":30,"f:68:31:68:46":16,"s:68:55:68:96":31,"f:69:16:69:27":17,"s:69:32:69:58":32,"f:74:16:74:31":18,"s:74:31:74:50":33}}}
,"D:\\Projects\\date-app\\src\\components\\SpiralButton.jsx": {"path":"D:\\Projects\\date-app\\src\\components\\SpiralButton.jsx","statementMap":{"0":{"start":{"line":3,"column":20},"end":{"line":3,"column":null}},"1":{"start":{"line":4,"column":15},"end":{"line":4,"column":null}},"2":{"start":{"line":5,"column":20},"end":{"line":5,"column":null}},"3":{"start":{"line":6,"column":22},"end":{"line":6,"column":null}},"4":{"start":{"line":7,"column":23},"end":{"line":7,"column":null}},"5":{"start":{"line":8,"column":19},"end":{"line":8,"column":null}},"6":{"start":{"line":9,"column":19},"end":{"line":9,"column":null}},"7":{"start":{"line":12,"column":13},"end":{"line":12,"column":null}},"8":{"start":{"line":13,"column":2},"end":{"line":16,"column":null}},"9":{"start":{"line":20,"column":8},"end":{"line":20,"column":32}},"10":{"start":{"line":21,"column":8},"end":{"line":21,"column":34}},"11":{"start":{"line":22,"column":8},"end":{"line":22,"column":35}},"12":{"start":{"line":23,"column":8},"end":{"line":23,"column":34}},"13":{"start":{"line":24,"column":8},"end":{"line":24,"column":29}},"14":{"start":{"line":25,"column":8},"end":{"line":25,"column":28}},"15":{"start":{"line":26,"column":8},"end":{"line":26,"column":30}},"16":{"start":{"line":27,"column":16},"end":{"line":27,"column":44}},"17":{"start":{"line":28,"column":22},"end":{"line":28,"column":54}},"18":{"start":{"line":30,"column":8},"end":{"line":35,"column":8}},"19":{"start":{"line":31,"column":19},"end":{"line":31,"column":null}},"20":{"start":{"line":32,"column":4},"end":{"line":32,"column":null}},"21":{"start":{"line":32,"column":17},"end":{"line":32,"column":null}},"22":{"start":{"line":33,"column":16},"end":{"line":33,"column":39}},"23":{"start":{"line":34,"column":4},"end":{"line":34,"column":null}},"24":{"start":{"line":37,"column":8},"end":{"line":47,"column":8}},"25":{"start":{"line":38,"column":4},"end":{"line":38,"column":null}},"26":{"start":{"line":38,"column":27},"end":{"line":38,"column":null}},"27":{"start":{"line":39,"column":4},"end":{"line":39,"column":null}},"28":{"start":{"line":40,"column":4},"end":{"line":40,"column":null}},"29":{"start":{"line":41,"column":4},"end":{"line":41,"column":null}},"30":{"start":{"line":41,"column":17},"end":{"line":41,"column":20}},"31":{"start":{"line":41,"column":44},"end":{"line":41,"column":null}},"32":{"start":{"line":42,"column":4},"end":{"line":42,"column":null}},"33":{"start":{"line":43,"column":4},"end":{"line":43,"column":null}},"34":{"start":{"line":44,"column":4},"end":{"line":44,"column":null}},"35":{"start":{"line":45,"column":4},"end":{"line":45,"column":null}},"36":{"start":{"line":46,"column":4},"end":{"line":46,"column":null}},"37":{"start":{"line":49,"column":8},"end":{"line":64,"column":31}},"38":{"start":{"line":50,"column":4},"end":{"line":50,"column":null}},"39":{"start":{"line":50,"column":29},"end":{"line":50,"column":null}},"40":{"start":{"line":51,"column":19},"end":{"line":51,"column":null}},"41":{"start":{"line":52,"column":4},"end":{"line":52,"column":null}},"42":{"start":{"line":52,"column":17},"end":{"line":52,"column":null}},"43":{"start":{"line":53,"column":16},"end":{"line":53,"column":39}},"44":{"start":{"line":54,"column":20},"end":{"line":54,"column":null}},"45":{"start":{"line":55,"column":24},"end":{"line":55,"column":84}},"46":{"start":{"line":56,"column":4},"end":{"line":56,"column":null}},"47":{"start":{"line":57,"column":10},"end":{"line":57,"column":null}},"48":{"start":{"line":58,"column":4},"end":{"line":59,"column":null}},"49":{"start":{"line":58,"column":17},"end":{"line":58,"column":28}},"50":{"start":{"line":59,"column":6},"end":{"line":59,"column":null}},"51":{"start":{"line":61,"column":4},"end":{"line":61,"column":null}},"52":{"start":{"line":62,"column":4},"end":{"line":62,"column":null}},"53":{"start":{"line":63,"column":4},"end":{"line":63,"column":null}},"54":{"start":{"line":67,"column":4},"end":{"line":67,"column":null}},"55":{"start":{"line":68,"column":4},"end":{"line":68,"column":null}},"56":{"start":{"line":68,"column":26},"end":{"line":68,"column":null}},"57":{"start":{"line":69,"column":4},"end":{"line":69,"column":null}},"58":{"start":{"line":70,"column":4},"end":{"line":70,"column":null}},"59":{"start":{"line":71,"column":4},"end":{"line":71,"column":null}},"60":{"start":{"line":72,"column":4},"end":{"line":72,"column":null}},"61":{"start":{"line":73,"column":4},"end":{"line":73,"column":null}},"62":{"start":{"line":74,"column":4},"end":{"line":74,"column":null}},"63":{"start":{"line":75,"column":4},"end":{"line":75,"column":null}},"64":{"start":{"line":79,"column":4},"end":{"line":79,"column":null}},"65":{"start":{"line":80,"column":4},"end":{"line":80,"column":null}},"66":{"start":{"line":80,"column":29},"end":{"line":80,"column":null}},"67":{"start":{"line":81,"column":4},"end":{"line":81,"column":null}},"68":{"start":{"line":81,"column":29},"end":{"line":81,"column":null}},"69":{"start":{"line":82,"column":4},"end":{"line":82,"column":null}},"70":{"start":{"line":83,"column":4},"end":{"line":83,"column":null}},"71":{"start":{"line":84,"column":4},"end":{"line":84,"column":null}},"72":{"start":{"line":86,"column":4},"end":{"line":89,"column":null}},"73":{"start":{"line":87,"column":8},"end":{"line":87,"column":null}},"74":{"start":{"line":88,"column":8},"end":{"line":88,"column":null}},"75":{"start":{"line":89,"column":8},"end":{"line":89,"column":null}},"76":{"start":{"line":92,"column":4},"end":{"line":92,"column":null}},"77":{"start":{"line":93,"column":4},"end":{"line":93,"column":null}},"78":{"start":{"line":97,"column":19},"end":{"line":97,"column":null}},"79":{"start":{"line":98,"column":4},"end":{"line":98,"column":null}},"80":{"start":{"line":98,"column":17},"end":{"line":98,"column":null}},"81":{"start":{"line":99,"column":16},"end":{"line":99,"column":39}},"82":{"start":{"line":100,"column":19},"end":{"line":100,"column":null}},"83":{"start":{"line":101,"column":23},"end":{"line":101,"column":null}},"84":{"start":{"line":102,"column":21},"end":{"line":102,"column":null}},"85":{"start":{"line":103,"column":18},"end":{"line":103,"column":null}},"86":{"start":{"line":104,"column":19},"end":{"line":104,"column":null}},"87":{"start":{"line":105,"column":22},"end":{"line":105,"column":null}},"88":{"start":{"line":107,"column":10},"end":{"line":147,"column":null}},"89":{"start":{"line":108,"column":6},"end":{"line":108,"column":null}},"90":{"start":{"line":109,"column":23},"end":{"line":109,"column":null}},"91":{"start":{"line":110,"column":6},"end":{"line":110,"column":null}},"92":{"start":{"line":111,"column":6},"end":{"line":111,"column":null}},"93":{"start":{"line":112,"column":6},"end":{"line":112,"column":null}},"94":{"start":{"line":113,"column":6},"end":{"line":113,"column":null}},"95":{"start":{"line":114,"column":6},"end":{"line":114,"column":null}},"96":{"start":{"line":115,"column":6},"end":{"line":115,"column":null}},"97":{"start":{"line":116,"column":6},"end":{"line":116,"column":null}},"98":{"start":{"line":117,"column":6},"end":{"line":117,"column":null}},"99":{"start":{"line":118,"column":6},"end":{"line":118,"column":null}},"100":{"start":{"line":119,"column":6},"end":{"line":119,"column":null}},"101":{"start":{"line":121,"column":6},"end":{"line":147,"column":null}},"102":{"start":{"line":122,"column":8},"end":{"line":122,"column":null}},"103":{"start":{"line":124,"column":30},"end":{"line":124,"column":32}},"104":{"start":{"line":125,"column":8},"end":{"line":132,"column":null}},"105":{"start":{"line":125,"column":21},"end":{"line":125,"column":24}},"106":{"start":{"line":126,"column":23},"end":{"line":126,"column":null}},"107":{"start":{"line":127,"column":23},"end":{"line":127,"column":null}},"108":{"start":{"line":128,"column":25},"end":{"line":128,"column":null}},"109":{"start":{"line":129,"column":25},"end":{"line":129,"column":null}},"110":{"start":{"line":130,"column":10},"end":{"line":132,"column":null}},"111":{"start":{"line":131,"column":22},"end":{"line":131,"column":null}},"112":{"start":{"line":132,"column":12},"end":{"line":132,"column":null}},"113":{"start":{"line":132,"column":48},"end":{"line":132,"column":null}},"114":{"start":{"line":135,"column":8},"end":{"line":140,"column":null}},"115":{"start":{"line":136,"column":10},"end":{"line":136,"column":null}},"116":{"start":{"line":137,"column":10},"end":{"line":137,"column":null}},"117":{"start":{"line":138,"column":10},"end":{"line":138,"column":null}},"118":{"start":{"line":139,"column":10},"end":{"line":139,"column":null}},"119":{"start":{"line":141,"column":20},"end":{"line":141,"column":null}},"120":{"start":{"line":142,"column":20},"end":{"line":142,"column":92}},"121":{"start":{"line":143,"column":8},"end":{"line":147,"column":null}},"122":{"start":{"line":144,"column":10},"end":{"line":144,"column":null}},"123":{"start":{"line":145,"column":10},"end":{"line":145,"column":null}},"124":{"start":{"line":146,"column":10},"end":{"line":146,"column":null}},"125":{"start":{"line":150,"column":4},"end":{"line":150,"column":null}},"126":{"start":{"line":153,"column":2},"end":{"line":153,"column":null}},"127":{"start":{"line":153,"column":2},"end":{"line":153,"column":60}},"128":{"start":{"line":153,"column":24},"end":{"line":153,"column":60}},"129":{"start":{"line":155,"column":2},"end":{"line":175,"column":null}}},"fnMap":{"0":{"name":"getSpiralPoint","decl":{"start":{"line":11,"column":9},"end":{"line":11,"column":24}},"loc":{"start":{"line":11,"column":31},"end":{"line":16,"column":null}},"line":11},"1":{"name":"SpiralButton","decl":{"start":{"line":19,"column":24},"end":{"line":19,"column":37}},"loc":{"start":{"line":19,"column":56},"end":{"line":175,"column":null}},"line":19},"2":{"name":"(anonymous_2)","decl":{"start":{"line":30,"column":22},"end":{"line":30,"column":40}},"loc":{"start":{"line":30,"column":40},"end":{"line":35,"column":7}},"line":30},"3":{"name":"(anonymous_3)","decl":{"start":{"line":37,"column":21},"end":{"line":37,"column":34}},"loc":{"start":{"line":37,"column":50},"end":{"line":47,"column":7}},"line":37},"4":{"name":"(anonymous_4)","decl":{"start":{"line":49,"column":18},"end":{"line":49,"column":36}},"loc":{"start":{"line":49,"column":36},"end":{"line":64,"column":6}},"line":49},"5":{"name":"startHold","decl":{"start":{"line":66,"column":11},"end":{"line":66,"column":21}},"loc":{"start":{"line":66,"column":24},"end":{"line":75,"column":null}},"line":66},"6":{"name":"endHold","decl":{"start":{"line":78,"column":11},"end":{"line":78,"column":19}},"loc":{"start":{"line":78,"column":22},"end":{"line":93,"column":null}},"line":78},"7":{"name":"drawCenterLineAndCount","decl":{"start":{"line":96,"column":11},"end":{"line":96,"column":36}},"loc":{"start":{"line":96,"column":36},"end":{"line":150,"column":null}},"line":96},"8":{"name":"(anonymous_8)","decl":{"start":{"line":107,"column":10},"end":{"line":107,"column":30}},"loc":{"start":{"line":107,"column":30},"end":{"line":147,"column":null}},"line":107},"9":{"name":"(anonymous_9)","decl":{"start":{"line":135,"column":22},"end":{"line":135,"column":30}},"loc":{"start":{"line":135,"column":36},"end":{"line":140,"column":null}},"line":135},"10":{"name":"(anonymous_10)","decl":{"start":{"line":143,"column":8},"end":{"line":143,"column":25}},"loc":{"start":{"line":143,"column":25},"end":{"line":147,"column":15}},"line":143},"11":{"name":"(anonymous_11)","decl":{"start":{"line":153,"column":2},"end":{"line":153,"column":24}},"loc":{"start":{"line":153,"column":2},"end":{"line":153,"column":60}},"line":153}},"branchMap":{"0":{"loc":{"start":{"line":32,"column":4},"end":{"line":32,"column":null}},"type":"if","locations":[{"start":{"line":32,"column":4},"end":{"line":32,"column":null}},{"start":{},"end":{}}],"line":32},"1":{"loc":{"start":{"line":38,"column":4},"end":{"line":38,"column":null}},"type":"if","locations":[{"start":{"line":38,"column":4},"end":{"line":38,"column":null}},{"start":{},"end":{}}],"line":38},"2":{"loc":{"start":{"line":50,"column":4},"end":{"line":50,"column":null}},"type":"if","locations":[{"start":{"line":50,"column":4},"end":{"line":50,"column":null}},{"start":{},"end":{}}],"line":50},"3":{"loc":{"start":{"line":52,"column":4},"end":{"line":52,"column":null}},"type":"if","locations":[{"start":{"line":52,"column":4},"end":{"line":52,"column":null}},{"start":{},"end":{}}],"line":52},"4":{"loc":{"start":{"line":68,"column":4},"end":{"line":68,"column":null}},"type":"if","locations":[{"start":{"line":68,"column":4},"end":{"line":68,"column":null}},{"start":{},"end":{}}],"line":68},"5":{"loc":{"start":{"line":80,"column":4},"end":{"line":80,"column":null}},"type":"if","locations":[{"start":{"line":80,"column":4},"end":{"line":80,"column":null}},{"start":{},"end":{}}],"line":80},"6":{"loc":{"start":{"line":81,"column":4},"end":{"line":81,"column":null}},"type":"if","locations":[{"start":{"line":81,"column":4},"end":{"line":81,"column":null}},{"start":{},"end":{}}],"line":81},"7":{"loc":{"start":{"line":86,"column":4},"end":{"line":89,"column":null}},"type":"if","locations":[{"start":{"line":86,"column":4},"end":{"line":89,"column":null}},{"start":{},"end":{}}],"line":86},"8":{"loc":{"start":{"line":98,"column":4},"end":{"line":98,"column":null}},"type":"if","locations":[{"start":{"line":98,"column":4},"end":{"line":98,"column":null}},{"start":{},"end":{}}],"line":98},"9":{"loc":{"start":{"line":121,"column":6},"end":{"line":147,"column":null}},"type":"if","locations":[{"start":{"line":121,"column":6},"end":{"line":147,"column":null}},{"start":{"line":123,"column":13},"end":{"line":147,"column":null}}],"line":121},"10":{"loc":{"start":{"line":130,"column":10},"end":{"line":132,"column":null}},"type":"if","locations":[{"start":{"line":130,"column":10},"end":{"line":132,"column":null}},{"start":{},"end":{}}],"line":130},"11":{"loc":{"start":{"line":132,"column":12},"end":{"line":132,"column":null}},"type":"if","locations":[{"start":{"line":132,"column":12},"end":{"line":132,"column":null}},{"start":{},"end":{}}],"line":132},"12":{"loc":{"start":{"line":132,"column":16},"end":{"line":132,"column":48}},"type":"binary-expr","locations":[{"start":{"line":132,"column":16},"end":{"line":132,"column":26}},{"start":{"line":132,"column":26},"end":{"line":132,"column":48}}],"line":132},"13":{"loc":{"start":{"line":142,"column":62},"end":{"line":142,"column":91}},"type":"cond-expr","locations":[{"start":{"line":142,"column":74},"end":{"line":142,"column":87}},{"start":{"line":142,"column":87},"end":{"line":142,"column":91}}],"line":142},"14":{"loc":{"start":{"line":165,"column":9},"end":{"line":165,"column":null}},"type":"binary-expr","locations":[{"start":{"line":165,"column":9},"end":{"line":165,"column":29}},{"start":{"line":165,"column":29},"end":{"line":165,"column":null}}],"line":165},"15":{"loc":{"start":{"line":166,"column":9},"end":{"line":166,"column":null}},"type":"binary-expr","locations":[{"start":{"line":166,"column":9},"end":{"line":166,"column":32}},{"start":{"line":166,"column":32},"end":{"line":166,"column":null}}],"line":166},"16":{"loc":{"start":{"line":167,"column":9},"end":{"line":167,"column":null}},"type":"binary-expr","locations":[{"start":{"line":167,"column":9},"end":{"line":167,"column":33}},{"start":{"line":167,"column":33},"end":{"line":167,"column":null}}],"line":167},"17":{"loc":{"start":{"line":168,"column":9},"end":{"line":168,"column":null}},"type":"binary-expr","locations":[{"start":{"line":168,"column":9},"end":{"line":168,"column":29}},{"start":{"line":168,"column":29},"end":{"line":168,"column":null}}],"line":168},"18":{"loc":{"start":{"line":171,"column":44},"end":{"line":171,"column":null}},"type":"cond-expr","locations":[{"start":{"line":171,"column":63},"end":{"line":171,"column":73}},{"start":{"line":171,"column":73},"end":{"line":171,"column":null}}],"line":171},"19":{"loc":{"start":{"line":172,"column":25},"end":{"line":172,"column":67}},"type":"cond-expr","locations":[{"start":{"line":172,"column":44},"end":{"line":172,"column":56}},{"start":{"line":172,"column":56},"end":{"line":172,"column":67}}],"line":172},"20":{"loc":{"start":{"line":175,"column":9},"end":{"line":175,"column":null}},"type":"binary-expr","locations":[{"start":{"line":175,"column":9},"end":{"line":175,"column":29}},{"start":{"line":175,"column":29},"end":{"line":175,"column":null}}],"line":175}},"s":{"0":2,"1":2,"2":2,"3":2,"4":2,"5":2,"6":2,"7":320,"8":320,"9":11,"10":11,"11":11,"12":11,"13":11,"14":11,"15":11,"16":11,"17":11,"18":11,"19":162,"20":162,"21":0,"22":162,"23":162,"24":11,"25":161,"26":0,"27":161,"28":161,"29":161,"30":161,"31":28177,"32":161,"33":161,"34":161,"35":161,"36":161,"37":11,"38":131,"39":0,"40":131,"41":131,"42":0,"43":131,"44":131,"45":131,"46":131,"47":131,"48":131,"49":131,"50":317,"51":131,"52":131,"53":131,"54":3,"55":3,"56":0,"57":3,"58":3,"59":3,"60":3,"61":3,"62":3,"63":3,"64":2,"65":2,"66":0,"67":2,"68":0,"69":2,"70":2,"71":2,"72":2,"73":1,"74":1,"75":1,"76":1,"77":1,"78":1,"79":1,"80":0,"81":1,"82":1,"83":1,"84":1,"85":1,"86":1,"87":1,"88":1,"89":30,"90":30,"91":30,"92":30,"93":30,"94":30,"95":30,"96":30,"97":30,"98":30,"99":30,"100":30,"101":30,"102":29,"103":1,"104":1,"105":1,"106":302,"107":302,"108":302,"109":302,"110":302,"111":5,"112":5,"113":5,"114":1,"115":5,"116":5,"117":5,"118":5,"119":1,"120":1,"121":1,"122":1,"123":1,"124":1,"125":1,"126":11,"127":5,"128":5,"129":11},"f":{"0":320,"1":11,"2":162,"3":161,"4":131,"5":3,"6":2,"7":1,"8":30,"9":5,"10":1,"11":10},"b":{"0":[0,162],"1":[0,161],"2":[0,131],"3":[0,131],"4":[0,3],"5":[0,2],"6":[0,2],"7":[1,1],"8":[0,1],"9":[29,1],"10":[5,297],"11":[5,0],"12":[5,5],"13":[0,1],"14":[11,6],"15":[11,3],"16":[11,1],"17":[11,1],"18":[6,5],"19":[6,5],"20":[11,6]},"meta":{"lastBranch":21,"lastFunction":12,"lastStatement":130,"seen":{"s:3:20:3:Infinity":0,"s:4:15:4:Infinity":1,"s:5:20:5:Infinity":2,"s:6:22:6:Infinity":3,"s:7:23:7:Infinity":4,"s:8:19:8:Infinity":5,"s:9:19:9:Infinity":6,"f:11:9:11:24":0,"s:12:13:12:Infinity":7,"s:13:2:16:Infinity":8,"f:19:24:19:37":1,"s:20:8:20:32":9,"s:21:8:21:34":10,"s:22:8:22:35":11,"s:23:8:23:34":12,"s:24:8:24:29":13,"s:25:8:25:28":14,"s:26:8:26:30":15,"s:27:16:27:44":16,"s:28:22:28:54":17,"s:30:8:35:8":18,"f:30:22:30:40":2,"s:31:19:31:Infinity":19,"b:32:4:32:Infinity:undefined:undefined:undefined:undefined":0,"s:32:4:32:Infinity":20,"s:32:17:32:Infinity":21,"s:33:16:33:39":22,"s:34:4:34:Infinity":23,"s:37:8:47:8":24,"f:37:21:37:34":3,"b:38:4:38:Infinity:undefined:undefined:undefined:undefined":1,"s:38:4:38:Infinity":25,"s:38:27:38:Infinity":26,"s:39:4:39:Infinity":27,"s:40:4:40:Infinity":28,"s:41:4:41:Infinity":29,"s:41:17:41:20":30,"s:41:44:41:Infinity":31,"s:42:4:42:Infinity":32,"s:43:4:43:Infinity":33,"s:44:4:44:Infinity":34,"s:45:4:45:Infinity":35,"s:46:4:46:Infinity":36,"s:49:8:64:31":37,"f:49:18:49:36":4,"b:50:4:50:Infinity:undefined:undefined:undefined:undefined":2,"s:50:4:50:Infinity":38,"s:50:29:50:Infinity":39,"s:51:19:51:Infinity":40,"b:52:4:52:Infinity:undefined:undefined:undefined:undefined":3,"s:52:4:52:Infinity":41,"s:52:17:52:Infinity":42,"s:53:16:53:39":43,"s:54:20:54:Infinity":44,"s:55:24:55:84":45,"s:56:4:56:Infinity":46,"s:57:10:57:Infinity":47,"s:58:4:59:Infinity":48,"s:58:17:58:28":49,"s:59:6:59:Infinity":50,"s:61:4:61:Infinity":51,"s:62:4:62:Infinity":52,"s:63:4:63:Infinity":53,"f:66:11:66:21":5,"s:67:4:67:Infinity":54,"b:68:4:68:Infinity:undefined:undefined:undefined:undefined":4,"s:68:4:68:Infinity":55,"s:68:26:68:Infinity":56,"s:69:4:69:Infinity":57,"s:70:4:70:Infinity":58,"s:71:4:71:Infinity":59,"s:72:4:72:Infinity":60,"s:73:4:73:Infinity":61,"s:74:4:74:Infinity":62,"s:75:4:75:Infinity":63,"f:78:11:78:19":6,"s:79:4:79:Infinity":64,"b:80:4:80:Infinity:undefined:undefined:undefined:undefined":5,"s:80:4:80:Infinity":65,"s:80:29:80:Infinity":66,"b:81:4:81:Infinity:undefined:undefined:undefined:undefined":6,"s:81:4:81:Infinity":67,"s:81:29:81:Infinity":68,"s:82:4:82:Infinity":69,"s:83:4:83:Infinity":70,"s:84:4:84:Infinity":71,"b:86:4:89:Infinity:undefined:undefined:undefined:undefined":7,"s:86:4:89:Infinity":72,"s:87:8:87:Infinity":73,"s:88:8:88:Infinity":74,"s:89:8:89:Infinity":75,"s:92:4:92:Infinity":76,"s:93:4:93:Infinity":77,"f:96:11:96:36":7,"s:97:19:97:Infinity":78,"b:98:4:98:Infinity:undefined:undefined:undefined:undefined":8,"s:98:4:98:Infinity":79,"s:98:17:98:Infinity":80,"s:99:16:99:39":81,"s:100:19:100:Infinity":82,"s:101:23:101:Infinity":83,"s:102:21:102:Infinity":84,"s:103:18:103:Infinity":85,"s:104:19:104:Infinity":86,"s:105:22:105:Infinity":87,"s:107:10:147:Infinity":88,"f:107:10:107:30":8,"s:108:6:108:Infinity":89,"s:109:23:109:Infinity":90,"s:110:6:110:Infinity":91,"s:111:6:111:Infinity":92,"s:112:6:112:Infinity":93,"s:113:6:113:Infinity":94,"s:114:6:114:Infinity":95,"s:115:6:115:Infinity":96,"s:116:6:116:Infinity":97,"s:117:6:117:Infinity":98,"s:118:6:118:Infinity":99,"s:119:6:119:Infinity":100,"b:121:6:147:Infinity:123:13:147:Infinity":9,"s:121:6:147:Infinity":101,"s:122:8:122:Infinity":102,"s:124:30:124:32":103,"s:125:8:132:Infinity":104,"s:125:21:125:24":105,"s:126:23:126:Infinity":106,"s:127:23:127:Infinity":107,"s:128:25:128:Infinity":108,"s:129:25:129:Infinity":109,"b:130:10:132:Infinity:undefined:undefined:undefined:undefined":10,"s:130:10:132:Infinity":110,"s:131:22:131:Infinity":111,"b:132:12:132:Infinity:undefined:undefined:undefined:undefined":11,"s:132:12:132:Infinity":112,"b:132:16:132:26:132:26:132:48":12,"s:132:48:132:Infinity":113,"s:135:8:140:Infinity":114,"f:135:22:135:30":9,"s:136:10:136:Infinity":115,"s:137:10:137:Infinity":116,"s:138:10:138:Infinity":117,"s:139:10:139:Infinity":118,"s:141:20:141:Infinity":119,"s:142:20:142:92":120,"b:142:74:142:87:142:87:142:91":13,"s:143:8:147:Infinity":121,"f:143:8:143:25":10,"s:144:10:144:Infinity":122,"s:145:10:145:Infinity":123,"s:146:10:146:Infinity":124,"s:150:4:150:Infinity":125,"s:153:2:153:Infinity":126,"f:153:2:153:24":11,"s:153:2:153:60":127,"s:153:24:153:60":128,"s:155:2:175:Infinity":129,"b:165:9:165:29:165:29:165:Infinity":14,"b:166:9:166:32:166:32:166:Infinity":15,"b:167:9:167:33:167:33:167:Infinity":16,"b:168:9:168:29:168:29:168:Infinity":17,"b:171:63:171:73:171:73:171:Infinity":18,"b:172:44:172:56:172:56:172:67":19,"b:175:9:175:29:175:29:175:Infinity":20}}}
,"D:\\Projects\\date-app\\src\\storage\\implementations\\CachedStorageAdapter.ts": {"path":"D:\\Projects\\date-app\\src\\storage\\implementations\\CachedStorageAdapter.ts","statementMap":{"0":{"start":{"line":7,"column":4},"end":{"line":7,"column":null}},"1":{"start":{"line":11,"column":4},"end":{"line":11,"column":null}},"2":{"start":{"line":15,"column":4},"end":{"line":15,"column":null}},"3":{"start":{"line":19,"column":4},"end":{"line":19,"column":null}},"4":{"start":{"line":23,"column":4},"end":{"line":23,"column":null}},"5":{"start":{"line":27,"column":4},"end":{"line":27,"column":null}}},"fnMap":{"0":{"name":"(anonymous_0)","decl":{"start":{"line":6,"column":2},"end":{"line":6,"column":14}},"loc":{"start":{"line":6,"column":48},"end":{"line":7,"column":null}},"line":6},"1":{"name":"(anonymous_1)","decl":{"start":{"line":10,"column":8},"end":{"line":10,"column":46}},"loc":{"start":{"line":10,"column":46},"end":{"line":11,"column":null}},"line":10},"2":{"name":"(anonymous_2)","decl":{"start":{"line":14,"column":8},"end":{"line":14,"column":19}},"loc":{"start":{"line":14,"column":61},"end":{"line":15,"column":null}},"line":14},"3":{"name":"(anonymous_3)","decl":{"start":{"line":18,"column":8},"end":{"line":18,"column":16}},"loc":{"start":{"line":18,"column":70},"end":{"line":19,"column":null}},"line":18},"4":{"name":"(anonymous_4)","decl":{"start":{"line":22,"column":8},"end":{"line":22,"column":19}},"loc":{"start":{"line":22,"column":46},"end":{"line":23,"column":null}},"line":22},"5":{"name":"(anonymous_5)","decl":{"start":{"line":26,"column":8},"end":{"line":26,"column":19}},"loc":{"start":{"line":26,"column":96},"end":{"line":27,"column":null}},"line":26}},"branchMap":{},"s":{"0":1,"1":1,"2":1,"3":1,"4":1,"5":1},"f":{"0":1,"1":1,"2":1,"3":1,"4":1,"5":1},"b":{},"meta":{"lastBranch":0,"lastFunction":6,"lastStatement":6,"seen":{"f:6:2:6:14":0,"s:7:4:7:Infinity":0,"f:10:8:10:46":1,"s:11:4:11:Infinity":1,"f:14:8:14:19":2,"s:15:4:15:Infinity":2,"f:18:8:18:16":3,"s:19:4:19:Infinity":3,"f:22:8:22:19":4,"s:23:4:23:Infinity":4,"f:26:8:26:19":5,"s:27:4:27:Infinity":5}}}
,"D:\\Projects\\date-app\\src\\storage\\implementations\\LocalGameAdapter.ts": {"path":"D:\\Projects\\date-app\\src\\storage\\implementations\\LocalGameAdapter.ts","statementMap":{"0":{"start":{"line":3,"column":20},"end":{"line":3,"column":null}},"1":{"start":{"line":6,"column":2},"end":{"line":10,"column":null}},"2":{"start":{"line":7,"column":16},"end":{"line":7,"column":49}},"3":{"start":{"line":8,"column":4},"end":{"line":8,"column":null}},"4":{"start":{"line":10,"column":4},"end":{"line":10,"column":null}},"5":{"start":{"line":15,"column":2},"end":{"line":15,"column":null}},"6":{"start":{"line":20,"column":16},"end":{"line":20,"column":25}},"7":{"start":{"line":21,"column":18},"end":{"line":21,"column":54}},"8":{"start":{"line":21,"column":37},"end":{"line":21,"column":54}},"9":{"start":{"line":22,"column":4},"end":{"line":25,"column":null}},"10":{"start":{"line":23,"column":6},"end":{"line":23,"column":null}},"11":{"start":{"line":25,"column":6},"end":{"line":25,"column":null}},"12":{"start":{"line":27,"column":4},"end":{"line":27,"column":null}},"13":{"start":{"line":28,"column":4},"end":{"line":28,"column":null}},"14":{"start":{"line":32,"column":16},"end":{"line":32,"column":25}},"15":{"start":{"line":33,"column":4},"end":{"line":33,"column":null}},"16":{"start":{"line":33,"column":25},"end":{"line":33,"column":37}},"17":{"start":{"line":37,"column":14},"end":{"line":37,"column":23}},"18":{"start":{"line":38,"column":4},"end":{"line":39,"column":null}},"19":{"start":{"line":39,"column":6},"end":{"line":39,"column":null}},"20":{"start":{"line":39,"column":28},"end":{"line":39,"column":55}},"21":{"start":{"line":41,"column":4},"end":{"line":41,"column":null}}},"fnMap":{"0":{"name":"loadAll","decl":{"start":{"line":5,"column":9},"end":{"line":5,"column":27}},"loc":{"start":{"line":5,"column":27},"end":{"line":10,"column":null}},"line":5},"1":{"name":"saveAll","decl":{"start":{"line":14,"column":9},"end":{"line":14,"column":17}},"loc":{"start":{"line":14,"column":38},"end":{"line":15,"column":null}},"line":14},"2":{"name":"(anonymous_2)","decl":{"start":{"line":19,"column":8},"end":{"line":19,"column":13}},"loc":{"start":{"line":19,"column":40},"end":{"line":28,"column":null}},"line":19},"3":{"name":"(anonymous_3)","decl":{"start":{"line":21,"column":22},"end":{"line":21,"column":32}},"loc":{"start":{"line":21,"column":37},"end":{"line":21,"column":54}},"line":21},"4":{"name":"(anonymous_4)","decl":{"start":{"line":31,"column":8},"end":{"line":31,"column":12}},"loc":{"start":{"line":31,"column":51},"end":{"line":33,"column":null}},"line":31},"5":{"name":"(anonymous_5)","decl":{"start":{"line":33,"column":15},"end":{"line":33,"column":20}},"loc":{"start":{"line":33,"column":25},"end":{"line":33,"column":37}},"line":33},"6":{"name":"(anonymous_6)","decl":{"start":{"line":36,"column":8},"end":{"line":36,"column":13}},"loc":{"start":{"line":36,"column":64},"end":{"line":41,"column":null}},"line":36},"7":{"name":"(anonymous_7)","decl":{"start":{"line":39,"column":16},"end":{"line":39,"column":23}},"loc":{"start":{"line":39,"column":28},"end":{"line":39,"column":55}},"line":39}},"branchMap":{"0":{"loc":{"start":{"line":8,"column":11},"end":{"line":8,"column":37}},"type":"cond-expr","locations":[{"start":{"line":8,"column":17},"end":{"line":8,"column":32}},{"start":{"line":8,"column":35},"end":{"line":8,"column":37}}],"line":8},"1":{"loc":{"start":{"line":22,"column":4},"end":{"line":25,"column":null}},"type":"if","locations":[{"start":{"line":22,"column":4},"end":{"line":25,"column":null}},{"start":{"line":24,"column":11},"end":{"line":25,"column":null}}],"line":22},"2":{"loc":{"start":{"line":36,"column":13},"end":{"line":36,"column":45}},"type":"default-arg","locations":[{"start":{"line":36,"column":43},"end":{"line":36,"column":45}}],"line":36},"3":{"loc":{"start":{"line":38,"column":4},"end":{"line":39,"column":null}},"type":"if","locations":[{"start":{"line":38,"column":4},"end":{"line":39,"column":null}},{"start":{},"end":{}}],"line":38}},"s":{"0":3,"1":13,"2":13,"3":13,"4":1,"5":7,"6":7,"7":7,"8":4,"9":7,"10":1,"11":6,"12":7,"13":7,"14":2,"15":2,"16":1,"17":4,"18":4,"19":1,"20":3,"21":4},"f":{"0":13,"1":7,"2":7,"3":4,"4":2,"5":1,"6":4,"7":3},"b":{"0":[7,6],"1":[1,6],"2":[4],"3":[1,3]},"meta":{"lastBranch":4,"lastFunction":8,"lastStatement":22,"seen":{"s:3:20:3:Infinity":0,"f:5:9:5:27":0,"s:6:2:10:Infinity":1,"s:7:16:7:49":2,"s:8:4:8:Infinity":3,"b:8:17:8:32:8:35:8:37":0,"s:10:4:10:Infinity":4,"f:14:9:14:17":1,"s:15:2:15:Infinity":5,"f:19:8:19:13":2,"s:20:16:20:25":6,"s:21:18:21:54":7,"f:21:22:21:32":3,"s:21:37:21:54":8,"b:22:4:25:Infinity:24:11:25:Infinity":1,"s:22:4:25:Infinity":9,"s:23:6:23:Infinity":10,"s:25:6:25:Infinity":11,"s:27:4:27:Infinity":12,"s:28:4:28:Infinity":13,"f:31:8:31:12":4,"s:32:16:32:25":14,"s:33:4:33:Infinity":15,"f:33:15:33:20":5,"s:33:25:33:37":16,"f:36:8:36:13":6,"b:36:43:36:45":2,"s:37:14:37:23":17,"b:38:4:39:Infinity:undefined:undefined:undefined:undefined":3,"s:38:4:39:Infinity":18,"s:39:6:39:Infinity":19,"f:39:16:39:23":7,"s:39:28:39:55":20,"s:41:4:41:Infinity":21}}}
,"D:\\Projects\\date-app\\src\\storage\\implementations\\LocalLibraryAdapter.ts": {"path":"D:\\Projects\\date-app\\src\\storage\\implementations\\LocalLibraryAdapter.ts","statementMap":{"0":{"start":{"line":4,"column":20},"end":{"line":4,"column":null}},"1":{"start":{"line":7,"column":2},"end":{"line":11,"column":null}},"2":{"start":{"line":8,"column":16},"end":{"line":8,"column":49}},"3":{"start":{"line":9,"column":4},"end":{"line":9,"column":null}},"4":{"start":{"line":11,"column":4},"end":{"line":11,"column":null}},"5":{"start":{"line":16,"column":2},"end":{"line":16,"column":null}},"6":{"start":{"line":21,"column":4},"end":{"line":21,"column":null}},"7":{"start":{"line":25,"column":16},"end":{"line":25,"column":25}},"8":{"start":{"line":26,"column":4},"end":{"line":26,"column":null}},"9":{"start":{"line":26,"column":30},"end":{"line":26,"column":57}},"10":{"start":{"line":30,"column":16},"end":{"line":30,"column":25}},"11":{"start":{"line":31,"column":33},"end":{"line":36,"column":null}},"12":{"start":{"line":37,"column":4},"end":{"line":37,"column":null}},"13":{"start":{"line":38,"column":4},"end":{"line":38,"column":null}},"14":{"start":{"line":42,"column":16},"end":{"line":42,"column":25}},"15":{"start":{"line":43,"column":4},"end":{"line":43,"column":null}},"16":{"start":{"line":43,"column":31},"end":{"line":43,"column":46}},"17":{"start":{"line":47,"column":16},"end":{"line":47,"column":25}},"18":{"start":{"line":48,"column":20},"end":{"line":49,"column":null}},"19":{"start":{"line":49,"column":6},"end":{"line":49,"column":null}},"20":{"start":{"line":51,"column":4},"end":{"line":51,"column":null}},"21":{"start":{"line":52,"column":4},"end":{"line":52,"column":null}},"22":{"start":{"line":52,"column":32},"end":{"line":52,"column":47}}},"fnMap":{"0":{"name":"loadAll","decl":{"start":{"line":6,"column":9},"end":{"line":6,"column":34}},"loc":{"start":{"line":6,"column":34},"end":{"line":11,"column":null}},"line":6},"1":{"name":"saveAll","decl":{"start":{"line":15,"column":9},"end":{"line":15,"column":17}},"loc":{"start":{"line":15,"column":45},"end":{"line":16,"column":null}},"line":15},"2":{"name":"(anonymous_2)","decl":{"start":{"line":20,"column":8},"end":{"line":20,"column":46}},"loc":{"start":{"line":20,"column":46},"end":{"line":21,"column":null}},"line":20},"3":{"name":"(anonymous_3)","decl":{"start":{"line":24,"column":8},"end":{"line":24,"column":19}},"loc":{"start":{"line":24,"column":61},"end":{"line":26,"column":null}},"line":24},"4":{"name":"(anonymous_4)","decl":{"start":{"line":26,"column":15},"end":{"line":26,"column":22}},"loc":{"start":{"line":26,"column":30},"end":{"line":26,"column":57}},"line":26},"5":{"name":"(anonymous_5)","decl":{"start":{"line":29,"column":8},"end":{"line":29,"column":16}},"loc":{"start":{"line":29,"column":70},"end":{"line":38,"column":null}},"line":29},"6":{"name":"(anonymous_6)","decl":{"start":{"line":41,"column":8},"end":{"line":41,"column":19}},"loc":{"start":{"line":41,"column":46},"end":{"line":43,"column":null}},"line":41},"7":{"name":"(anonymous_7)","decl":{"start":{"line":43,"column":16},"end":{"line":43,"column":23}},"loc":{"start":{"line":43,"column":31},"end":{"line":43,"column":46}},"line":43},"8":{"name":"(anonymous_8)","decl":{"start":{"line":46,"column":8},"end":{"line":46,"column":19}},"loc":{"start":{"line":46,"column":96},"end":{"line":52,"column":null}},"line":46},"9":{"name":"(anonymous_9)","decl":{"start":{"line":48,"column":24},"end":{"line":48,"column":28}},"loc":{"start":{"line":49,"column":6},"end":{"line":49,"column":null}},"line":49},"10":{"name":"(anonymous_10)","decl":{"start":{"line":52,"column":19},"end":{"line":52,"column":24}},"loc":{"start":{"line":52,"column":32},"end":{"line":52,"column":47}},"line":52}},"branchMap":{"0":{"loc":{"start":{"line":9,"column":11},"end":{"line":9,"column":37}},"type":"cond-expr","locations":[{"start":{"line":9,"column":17},"end":{"line":9,"column":32}},{"start":{"line":9,"column":35},"end":{"line":9,"column":37}}],"line":9},"1":{"loc":{"start":{"line":49,"column":6},"end":{"line":49,"column":null}},"type":"cond-expr","locations":[{"start":{"line":49,"column":23},"end":{"line":49,"column":49}},{"start":{"line":49,"column":49},"end":{"line":49,"column":null}}],"line":49}},"s":{"0":2,"1":14,"2":14,"3":14,"4":1,"5":8,"6":5,"7":1,"8":1,"9":2,"10":6,"11":6,"12":6,"13":6,"14":1,"15":1,"16":2,"17":1,"18":1,"19":1,"20":1,"21":1,"22":1},"f":{"0":14,"1":8,"2":5,"3":1,"4":2,"5":6,"6":1,"7":2,"8":1,"9":1,"10":1},"b":{"0":[9,5],"1":[1,0]},"meta":{"lastBranch":2,"lastFunction":11,"lastStatement":23,"seen":{"s:4:20:4:Infinity":0,"f:6:9:6:34":0,"s:7:2:11:Infinity":1,"s:8:16:8:49":2,"s:9:4:9:Infinity":3,"b:9:17:9:32:9:35:9:37":0,"s:11:4:11:Infinity":4,"f:15:9:15:17":1,"s:16:2:16:Infinity":5,"f:20:8:20:46":2,"s:21:4:21:Infinity":6,"f:24:8:24:19":3,"s:25:16:25:25":7,"s:26:4:26:Infinity":8,"f:26:15:26:22":4,"s:26:30:26:57":9,"f:29:8:29:16":5,"s:30:16:30:25":10,"s:31:33:36:Infinity":11,"s:37:4:37:Infinity":12,"s:38:4:38:Infinity":13,"f:41:8:41:19":6,"s:42:16:42:25":14,"s:43:4:43:Infinity":15,"f:43:16:43:23":7,"s:43:31:43:46":16,"f:46:8:46:19":8,"s:47:16:47:25":17,"s:48:20:49:Infinity":18,"f:48:24:48:28":9,"s:49:6:49:Infinity":19,"b:49:23:49:49:49:49:49:Infinity":1,"s:51:4:51:Infinity":20,"s:52:4:52:Infinity":21,"f:52:19:52:24":10,"s:52:32:52:47":22}}}
,"D:\\Projects\\date-app\\src\\storage\\implementations\\RemoteStorageAdapter.ts": {"path":"D:\\Projects\\date-app\\src\\storage\\implementations\\RemoteStorageAdapter.ts","statementMap":{"0":{"start":{"line":5,"column":4},"end":{"line":5,"column":null}},"1":{"start":{"line":9,"column":4},"end":{"line":9,"column":null}},"2":{"start":{"line":13,"column":4},"end":{"line":13,"column":null}},"3":{"start":{"line":17,"column":4},"end":{"line":17,"column":null}},"4":{"start":{"line":21,"column":4},"end":{"line":21,"column":null}}},"fnMap":{"0":{"name":"(anonymous_0)","decl":{"start":{"line":4,"column":8},"end":{"line":4,"column":46}},"loc":{"start":{"line":4,"column":46},"end":{"line":5,"column":null}},"line":4},"1":{"name":"(anonymous_1)","decl":{"start":{"line":8,"column":8},"end":{"line":8,"column":19}},"loc":{"start":{"line":8,"column":61},"end":{"line":9,"column":null}},"line":8},"2":{"name":"(anonymous_2)","decl":{"start":{"line":12,"column":8},"end":{"line":12,"column":16}},"loc":{"start":{"line":12,"column":70},"end":{"line":13,"column":null}},"line":12},"3":{"name":"(anonymous_3)","decl":{"start":{"line":16,"column":8},"end":{"line":16,"column":19}},"loc":{"start":{"line":16,"column":46},"end":{"line":17,"column":null}},"line":16},"4":{"name":"(anonymous_4)","decl":{"start":{"line":20,"column":8},"end":{"line":20,"column":19}},"loc":{"start":{"line":20,"column":96},"end":{"line":21,"column":null}},"line":20}},"branchMap":{},"s":{"0":1,"1":1,"2":1,"3":1,"4":1},"f":{"0":1,"1":1,"2":1,"3":1,"4":1},"b":{},"meta":{"lastBranch":0,"lastFunction":5,"lastStatement":5,"seen":{"f:4:8:4:46":0,"s:5:4:5:Infinity":0,"f:8:8:8:19":1,"s:9:4:9:Infinity":1,"f:12:8:12:16":2,"s:13:4:13:Infinity":2,"f:16:8:16:19":3,"s:17:4:17:Infinity":3,"f:20:8:20:19":4,"s:21:4:21:Infinity":4}}}
,"D:\\Projects\\date-app\\src\\stores\\gameStore.ts": {"path":"D:\\Projects\\date-app\\src\\stores\\gameStore.ts","statementMap":{"0":{"start":{"line":6,"column":46},"end":{"line":11,"column":null}},"1":{"start":{"line":13,"column":6},"end":{"line":20,"column":null}},"2":{"start":{"line":13,"column":39},"end":{"line":20,"column":null}},"3":{"start":{"line":29,"column":2},"end":{"line":31,"column":null}},"4":{"start":{"line":30,"column":4},"end":{"line":30,"column":78}},"5":{"start":{"line":30,"column":33},"end":{"line":30,"column":78}},"6":{"start":{"line":35,"column":19},"end":{"line":35,"column":43}},"7":{"start":{"line":36,"column":21},"end":{"line":36,"column":null}},"8":{"start":{"line":37,"column":29},"end":{"line":37,"column":null}},"9":{"start":{"line":38,"column":24},"end":{"line":38,"column":41}},"10":{"start":{"line":39,"column":16},"end":{"line":39,"column":null}},"11":{"start":{"line":40,"column":31},"end":{"line":40,"column":33}},"12":{"start":{"line":42,"column":2},"end":{"line":63,"column":null}},"13":{"start":{"line":43,"column":18},"end":{"line":43,"column":null}},"14":{"start":{"line":44,"column":4},"end":{"line":49,"column":null}},"15":{"start":{"line":45,"column":6},"end":{"line":47,"column":null}},"16":{"start":{"line":46,"column":8},"end":{"line":46,"column":null}},"17":{"start":{"line":47,"column":8},"end":{"line":47,"column":null}},"18":{"start":{"line":47,"column":37},"end":{"line":47,"column":null}},"19":{"start":{"line":49,"column":6},"end":{"line":49,"column":null}},"20":{"start":{"line":52,"column":17},"end":{"line":52,"column":null}},"21":{"start":{"line":53,"column":21},"end":{"line":53,"column":null}},"22":{"start":{"line":54,"column":27},"end":{"line":56,"column":null}},"23":{"start":{"line":55,"column":21},"end":{"line":55,"column":74}},"24":{"start":{"line":58,"column":4},"end":{"line":60,"column":null}},"25":{"start":{"line":59,"column":6},"end":{"line":59,"column":null}},"26":{"start":{"line":60,"column":6},"end":{"line":60,"column":null}},"27":{"start":{"line":63,"column":4},"end":{"line":63,"column":null}},"28":{"start":{"line":66,"column":2},"end":{"line":66,"column":null}},"29":{"start":{"line":93,"column":23},"end":{"line":93,"column":45}},"30":{"start":{"line":95,"column":13},"end":{"line":222,"column":5}},"31":{"start":{"line":95,"column":58},"end":{"line":222,"column":5}},"32":{"start":{"line":96,"column":35},"end":{"line":222,"column":5}},"33":{"start":{"line":108,"column":22},"end":{"line":108,"column":41}},"34":{"start":{"line":109,"column":6},"end":{"line":115,"column":null}},"35":{"start":{"line":116,"column":6},"end":{"line":116,"column":null}},"36":{"start":{"line":120,"column":19},"end":{"line":120,"column":40}},"37":{"start":{"line":121,"column":6},"end":{"line":126,"column":null}},"38":{"start":{"line":122,"column":8},"end":{"line":126,"column":null}},"39":{"start":{"line":131,"column":30},"end":{"line":131,"column":35}},"40":{"start":{"line":132,"column":6},"end":{"line":132,"column":null}},"41":{"start":{"line":136,"column":6},"end":{"line":149,"column":null}},"42":{"start":{"line":137,"column":30},"end":{"line":141,"column":null}},"43":{"start":{"line":138,"column":10},"end":{"line":141,"column":null}},"44":{"start":{"line":140,"column":47},"end":{"line":140,"column":null}},"45":{"start":{"line":143,"column":8},"end":{"line":148,"column":null}},"46":{"start":{"line":150,"column":6},"end":{"line":150,"column":null}},"47":{"start":{"line":154,"column":6},"end":{"line":159,"column":null}},"48":{"start":{"line":154,"column":20},"end":{"line":158,"column":null}},"49":{"start":{"line":157,"column":39},"end":{"line":157,"column":null}},"50":{"start":{"line":160,"column":6},"end":{"line":160,"column":null}},"51":{"start":{"line":163,"column":33},"end":{"line":163,"column":47}},"52":{"start":{"line":165,"column":26},"end":{"line":165,"column":53}},"53":{"start":{"line":168,"column":47},"end":{"line":168,"column":52}},"54":{"start":{"line":169,"column":29},"end":{"line":169,"column":null}},"55":{"start":{"line":170,"column":6},"end":{"line":170,"column":null}},"56":{"start":{"line":172,"column":20},"end":{"line":172,"column":68}},"57":{"start":{"line":173,"column":54},"end":{"line":173,"column":56}},"58":{"start":{"line":175,"column":6},"end":{"line":175,"column":null}},"59":{"start":{"line":177,"column":6},"end":{"line":199,"column":null}},"60":{"start":{"line":178,"column":20},"end":{"line":197,"column":21}},"61":{"start":{"line":179,"column":10},"end":{"line":179,"column":null}},"62":{"start":{"line":181,"column":10},"end":{"line":195,"column":null}},"63":{"start":{"line":182,"column":33},"end":{"line":194,"column":21}},"64":{"start":{"line":183,"column":31},"end":{"line":183,"column":73}},"65":{"start":{"line":184,"column":30},"end":{"line":192,"column":null}},"66":{"start":{"line":185,"column":40},"end":{"line":190,"column":null}},"67":{"start":{"line":186,"column":34},"end":{"line":187,"column":null}},"68":{"start":{"line":187,"column":30},"end":{"line":187,"column":null}},"69":{"start":{"line":189,"column":18},"end":{"line":189,"column":null}},"70":{"start":{"line":191,"column":18},"end":{"line":191,"column":null}},"71":{"start":{"line":193,"column":14},"end":{"line":193,"column":null}},"72":{"start":{"line":195,"column":14},"end":{"line":195,"column":null}},"73":{"start":{"line":198,"column":10},"end":{"line":198,"column":null}},"74":{"start":{"line":201,"column":6},"end":{"line":201,"column":null}},"75":{"start":{"line":205,"column":6},"end":{"line":212,"column":null}},"76":{"start":{"line":205,"column":20},"end":{"line":212,"column":9}},"77":{"start":{"line":213,"column":6},"end":{"line":213,"column":null}},"78":{"start":{"line":217,"column":34},"end":{"line":217,"column":39}},"79":{"start":{"line":218,"column":6},"end":{"line":218,"column":null}},"80":{"start":{"line":219,"column":6},"end":{"line":219,"column":null}},"81":{"start":{"line":220,"column":6},"end":{"line":220,"column":null}},"82":{"start":{"line":224,"column":21},"end":{"line":224,"column":38}}},"fnMap":{"0":{"name":"(anonymous_0)","decl":{"start":{"line":13,"column":6},"end":{"line":13,"column":39}},"loc":{"start":{"line":13,"column":39},"end":{"line":20,"column":null}},"line":13},"1":{"name":"flattenItems","decl":{"start":{"line":28,"column":16},"end":{"line":28,"column":29}},"loc":{"start":{"line":28,"column":70},"end":{"line":31,"column":null}},"line":28},"2":{"name":"(anonymous_2)","decl":{"start":{"line":29,"column":20},"end":{"line":29,"column":29}},"loc":{"start":{"line":30,"column":4},"end":{"line":30,"column":78}},"line":30},"3":{"name":"(anonymous_3)","decl":{"start":{"line":30,"column":14},"end":{"line":30,"column":19}},"loc":{"start":{"line":30,"column":33},"end":{"line":30,"column":78}},"line":30},"4":{"name":"computeEliminationSteps","decl":{"start":{"line":34,"column":16},"end":{"line":34,"column":40}},"loc":{"start":{"line":34,"column":100},"end":{"line":66,"column":null}},"line":34},"5":{"name":"(anonymous_5)","decl":{"start":{"line":54,"column":36},"end":{"line":54,"column":null}},"loc":{"start":{"line":55,"column":21},"end":{"line":55,"column":74}},"line":55},"6":{"name":"(anonymous_6)","decl":{"start":{"line":95,"column":13},"end":{"line":95,"column":32}},"loc":{"start":{"line":95,"column":58},"end":{"line":222,"column":5}},"line":95},"7":{"name":"(anonymous_7)","decl":{"start":{"line":96,"column":2},"end":{"line":96,"column":21}},"loc":{"start":{"line":96,"column":35},"end":{"line":222,"column":5}},"line":96},"8":{"name":"(anonymous_8)","decl":{"start":{"line":107,"column":16},"end":{"line":107,"column":28}},"loc":{"start":{"line":107,"column":28},"end":{"line":116,"column":null}},"line":107},"9":{"name":"(anonymous_9)","decl":{"start":{"line":119,"column":14},"end":{"line":119,"column":21}},"loc":{"start":{"line":119,"column":36},"end":{"line":126,"column":null}},"line":119},"10":{"name":"(anonymous_10)","decl":{"start":{"line":130,"column":14},"end":{"line":130,"column":26}},"loc":{"start":{"line":130,"column":26},"end":{"line":132,"column":null}},"line":130},"11":{"name":"(anonymous_11)","decl":{"start":{"line":135,"column":4},"end":{"line":135,"column":17}},"loc":{"start":{"line":135,"column":72},"end":{"line":150,"column":null}},"line":135},"12":{"name":"(anonymous_12)","decl":{"start":{"line":136,"column":6},"end":{"line":136,"column":10}},"loc":{"start":{"line":136,"column":19},"end":{"line":149,"column":null}},"line":136},"13":{"name":"(anonymous_13)","decl":{"start":{"line":137,"column":59},"end":{"line":137,"column":64}},"loc":{"start":{"line":138,"column":10},"end":{"line":141,"column":null}},"line":138},"14":{"name":"(anonymous_14)","decl":{"start":{"line":140,"column":29},"end":{"line":140,"column":34}},"loc":{"start":{"line":140,"column":47},"end":{"line":140,"column":null}},"line":140},"15":{"name":"(anonymous_15)","decl":{"start":{"line":153,"column":4},"end":{"line":153,"column":21}},"loc":{"start":{"line":153,"column":42},"end":{"line":160,"column":null}},"line":153},"16":{"name":"(anonymous_16)","decl":{"start":{"line":154,"column":6},"end":{"line":154,"column":10}},"loc":{"start":{"line":154,"column":20},"end":{"line":158,"column":null}},"line":154},"17":{"name":"(anonymous_17)","decl":{"start":{"line":157,"column":27},"end":{"line":157,"column":31}},"loc":{"start":{"line":157,"column":39},"end":{"line":157,"column":null}},"line":157},"18":{"name":"(anonymous_18)","decl":{"start":{"line":163,"column":4},"end":{"line":163,"column":15}},"loc":{"start":{"line":163,"column":33},"end":{"line":163,"column":47}},"line":163},"19":{"name":"(anonymous_19)","decl":{"start":{"line":165,"column":4},"end":{"line":165,"column":26}},"loc":{"start":{"line":165,"column":26},"end":{"line":165,"column":53}},"line":165},"20":{"name":"(anonymous_20)","decl":{"start":{"line":167,"column":4},"end":{"line":167,"column":23}},"loc":{"start":{"line":167,"column":47},"end":{"line":201,"column":null}},"line":167},"21":{"name":"(anonymous_21)","decl":{"start":{"line":177,"column":12},"end":{"line":177,"column":21}},"loc":{"start":{"line":177,"column":37},"end":{"line":199,"column":null}},"line":177},"22":{"name":"(anonymous_22)","decl":{"start":{"line":178,"column":20},"end":{"line":178,"column":37}},"loc":{"start":{"line":178,"column":37},"end":{"line":197,"column":17}},"line":178},"23":{"name":"(anonymous_23)","decl":{"start":{"line":182,"column":33},"end":{"line":182,"column":50}},"loc":{"start":{"line":182,"column":50},"end":{"line":194,"column":21}},"line":182},"24":{"name":"(anonymous_24)","decl":{"start":{"line":184,"column":59},"end":{"line":184,"column":64}},"loc":{"start":{"line":184,"column":76},"end":{"line":192,"column":null}},"line":184},"25":{"name":"(anonymous_25)","decl":{"start":{"line":185,"column":50},"end":{"line":185,"column":61}},"loc":{"start":{"line":185,"column":71},"end":{"line":190,"column":null}},"line":185},"26":{"name":"(anonymous_26)","decl":{"start":{"line":186,"column":43},"end":{"line":186,"column":null}},"loc":{"start":{"line":187,"column":30},"end":{"line":187,"column":null}},"line":187},"27":{"name":"(anonymous_27)","decl":{"start":{"line":204,"column":16},"end":{"line":204,"column":23}},"loc":{"start":{"line":204,"column":45},"end":{"line":213,"column":null}},"line":204},"28":{"name":"(anonymous_28)","decl":{"start":{"line":205,"column":6},"end":{"line":205,"column":10}},"loc":{"start":{"line":205,"column":20},"end":{"line":212,"column":9}},"line":205},"29":{"name":"(anonymous_29)","decl":{"start":{"line":216,"column":11},"end":{"line":216,"column":23}},"loc":{"start":{"line":216,"column":23},"end":{"line":220,"column":null}},"line":216}},"branchMap":{"0":{"loc":{"start":{"line":45,"column":6},"end":{"line":47,"column":null}},"type":"if","locations":[{"start":{"line":45,"column":6},"end":{"line":47,"column":null}},{"start":{},"end":{}}],"line":45},"1":{"loc":{"start":{"line":47,"column":8},"end":{"line":47,"column":null}},"type":"if","locations":[{"start":{"line":47,"column":8},"end":{"line":47,"column":null}},{"start":{},"end":{}}],"line":47},"2":{"loc":{"start":{"line":55,"column":21},"end":{"line":55,"column":74}},"type":"binary-expr","locations":[{"start":{"line":55,"column":21},"end":{"line":55,"column":51}},{"start":{"line":55,"column":51},"end":{"line":55,"column":74}}],"line":55},"3":{"loc":{"start":{"line":58,"column":4},"end":{"line":60,"column":null}},"type":"if","locations":[{"start":{"line":58,"column":4},"end":{"line":60,"column":null}},{"start":{},"end":{}}],"line":58},"4":{"loc":{"start":{"line":95,"column":32},"end":{"line":95,"column":null}},"type":"default-arg","locations":[{"start":{"line":95,"column":58},"end":{"line":95,"column":null}}],"line":95},"5":{"loc":{"start":{"line":121,"column":6},"end":{"line":126,"column":null}},"type":"if","locations":[{"start":{"line":121,"column":6},"end":{"line":126,"column":null}},{"start":{},"end":{}}],"line":121},"6":{"loc":{"start":{"line":124,"column":17},"end":{"line":124,"column":null}},"type":"cond-expr","locations":[{"start":{"line":124,"column":47},"end":{"line":124,"column":58}},{"start":{"line":124,"column":58},"end":{"line":124,"column":null}}],"line":124},"7":{"loc":{"start":{"line":138,"column":10},"end":{"line":141,"column":null}},"type":"cond-expr","locations":[{"start":{"line":138,"column":28},"end":{"line":138,"column":34}},{"start":{"line":138,"column":34},"end":{"line":141,"column":null}}],"line":138},"8":{"loc":{"start":{"line":140,"column":47},"end":{"line":140,"column":null}},"type":"cond-expr","locations":[{"start":{"line":140,"column":66},"end":{"line":140,"column":74}},{"start":{"line":140,"column":74},"end":{"line":140,"column":null}}],"line":140},"9":{"loc":{"start":{"line":181,"column":10},"end":{"line":195,"column":null}},"type":"if","locations":[{"start":{"line":181,"column":10},"end":{"line":195,"column":null}},{"start":{},"end":{}}],"line":181},"10":{"loc":{"start":{"line":187,"column":30},"end":{"line":187,"column":null}},"type":"binary-expr","locations":[{"start":{"line":187,"column":30},"end":{"line":187,"column":54}},{"start":{"line":187,"column":54},"end":{"line":187,"column":null}}],"line":187}},"s":{"0":2,"1":2,"2":15,"3":5,"4":18,"5":68,"6":3,"7":3,"8":3,"9":3,"10":3,"11":3,"12":3,"13":36,"14":36,"15":156,"16":108,"17":108,"18":36,"19":120,"20":36,"21":36,"22":36,"23":576,"24":36,"25":36,"26":36,"27":36,"28":3,"29":2,"30":2,"31":11,"32":11,"33":4,"34":4,"35":4,"36":1,"37":1,"38":1,"39":6,"40":6,"41":2,"42":2,"43":8,"44":8,"45":2,"46":2,"47":2,"48":2,"49":8,"50":2,"51":0,"52":0,"53":2,"54":2,"55":2,"56":2,"57":2,"58":2,"59":2,"60":24,"61":12,"62":12,"63":1,"64":1,"65":1,"66":4,"67":9,"68":73,"69":9,"70":4,"71":1,"72":1,"73":24,"74":2,"75":2,"76":2,"77":2,"78":1,"79":1,"80":1,"81":1,"82":2},"f":{"0":15,"1":5,"2":18,"3":68,"4":3,"5":576,"6":11,"7":11,"8":4,"9":1,"10":6,"11":2,"12":2,"13":8,"14":8,"15":2,"16":2,"17":8,"18":0,"19":0,"20":2,"21":24,"22":12,"23":1,"24":4,"25":9,"26":73,"27":2,"28":2,"29":1},"b":{"0":[108,48],"1":[36,72],"2":[576,144],"3":[36,0],"4":[11],"5":[1,0],"6":[0,1],"7":[6,2],"8":[2,6],"9":[1,11],"10":[73,17]},"meta":{"lastBranch":11,"lastFunction":30,"lastStatement":83,"seen":{"s:6:46:11:Infinity":0,"s:13:6:20:Infinity":1,"f:13:6:13:39":0,"s:13:39:20:Infinity":2,"f:28:16:28:29":1,"s:29:2:31:Infinity":3,"f:29:20:29:29":2,"s:30:4:30:78":4,"f:30:14:30:19":3,"s:30:33:30:78":5,"f:34:16:34:40":4,"s:35:19:35:43":6,"s:36:21:36:Infinity":7,"s:37:29:37:Infinity":8,"s:38:24:38:41":9,"s:39:16:39:Infinity":10,"s:40:31:40:33":11,"s:42:2:63:Infinity":12,"s:43:18:43:Infinity":13,"s:44:4:49:Infinity":14,"b:45:6:47:Infinity:undefined:undefined:undefined:undefined":0,"s:45:6:47:Infinity":15,"s:46:8:46:Infinity":16,"b:47:8:47:Infinity:undefined:undefined:undefined:undefined":1,"s:47:8:47:Infinity":17,"s:47:37:47:Infinity":18,"s:49:6:49:Infinity":19,"s:52:17:52:Infinity":20,"s:53:21:53:Infinity":21,"s:54:27:56:Infinity":22,"f:54:36:54:Infinity":5,"s:55:21:55:74":23,"b:55:21:55:51:55:51:55:74":2,"b:58:4:60:Infinity:undefined:undefined:undefined:undefined":3,"s:58:4:60:Infinity":24,"s:59:6:59:Infinity":25,"s:60:6:60:Infinity":26,"s:63:4:63:Infinity":27,"s:66:2:66:Infinity":28,"s:93:23:93:45":29,"s:95:13:222:5":30,"f:95:13:95:32":6,"s:95:58:222:5":31,"b:95:58:95:Infinity":4,"f:96:2:96:21":7,"s:96:35:222:5":32,"f:107:16:107:28":8,"s:108:22:108:41":33,"s:109:6:115:Infinity":34,"s:116:6:116:Infinity":35,"f:119:14:119:21":9,"s:120:19:120:40":36,"b:121:6:126:Infinity:undefined:undefined:undefined:undefined":5,"s:121:6:126:Infinity":37,"s:122:8:126:Infinity":38,"b:124:47:124:58:124:58:124:Infinity":6,"f:130:14:130:26":10,"s:131:30:131:35":39,"s:132:6:132:Infinity":40,"f:135:4:135:17":11,"s:136:6:149:Infinity":41,"f:136:6:136:10":12,"s:137:30:141:Infinity":42,"f:137:59:137:64":13,"s:138:10:141:Infinity":43,"b:138:28:138:34:138:34:141:Infinity":7,"f:140:29:140:34":14,"s:140:47:140:Infinity":44,"b:140:66:140:74:140:74:140:Infinity":8,"s:143:8:148:Infinity":45,"s:150:6:150:Infinity":46,"f:153:4:153:21":15,"s:154:6:159:Infinity":47,"f:154:6:154:10":16,"s:154:20:158:Infinity":48,"f:157:27:157:31":17,"s:157:39:157:Infinity":49,"s:160:6:160:Infinity":50,"f:163:4:163:15":18,"s:163:33:163:47":51,"f:165:4:165:26":19,"s:165:26:165:53":52,"f:167:4:167:23":20,"s:168:47:168:52":53,"s:169:29:169:Infinity":54,"s:170:6:170:Infinity":55,"s:172:20:172:68":56,"s:173:54:173:56":57,"s:175:6:175:Infinity":58,"s:177:6:199:Infinity":59,"f:177:12:177:21":21,"s:178:20:197:21":60,"f:178:20:178:37":22,"s:179:10:179:Infinity":61,"b:181:10:195:Infinity:undefined:undefined:undefined:undefined":9,"s:181:10:195:Infinity":62,"s:182:33:194:21":63,"f:182:33:182:50":23,"s:183:31:183:73":64,"s:184:30:192:Infinity":65,"f:184:59:184:64":24,"s:185:40:190:Infinity":66,"f:185:50:185:61":25,"s:186:34:187:Infinity":67,"f:186:43:186:Infinity":26,"s:187:30:187:Infinity":68,"b:187:30:187:54:187:54:187:Infinity":10,"s:189:18:189:Infinity":69,"s:191:18:191:Infinity":70,"s:193:14:193:Infinity":71,"s:195:14:195:Infinity":72,"s:198:10:198:Infinity":73,"s:201:6:201:Infinity":74,"f:204:16:204:23":27,"s:205:6:212:Infinity":75,"f:205:6:205:10":28,"s:205:20:212:9":76,"s:213:6:213:Infinity":77,"f:216:11:216:23":29,"s:217:34:217:39":78,"s:218:6:218:Infinity":79,"s:219:6:219:Infinity":80,"s:220:6:220:Infinity":81,"s:224:21:224:38":82}}}
,"D:\\Projects\\date-app\\src\\stores\\libraryStore.ts": {"path":"D:\\Projects\\date-app\\src\\stores\\libraryStore.ts","statementMap":{"0":{"start":{"line":21,"column":23},"end":{"line":21,"column":48}},"1":{"start":{"line":23,"column":13},"end":{"line":62,"column":5}},"2":{"start":{"line":23,"column":64},"end":{"line":62,"column":5}},"3":{"start":{"line":24,"column":38},"end":{"line":62,"column":5}},"4":{"start":{"line":31,"column":6},"end":{"line":31,"column":null}},"5":{"start":{"line":31,"column":40},"end":{"line":31,"column":67}},"6":{"start":{"line":37,"column":6},"end":{"line":37,"column":null}},"7":{"start":{"line":37,"column":29},"end":{"line":37,"column":null}},"8":{"start":{"line":38,"column":20},"end":{"line":38,"column":47}},"9":{"start":{"line":39,"column":6},"end":{"line":39,"column":null}},"10":{"start":{"line":43,"column":22},"end":{"line":43,"column":59}},"11":{"start":{"line":44,"column":6},"end":{"line":44,"column":null}},"12":{"start":{"line":44,"column":20},"end":{"line":44,"column":56}},"13":{"start":{"line":45,"column":6},"end":{"line":45,"column":null}},"14":{"start":{"line":49,"column":6},"end":{"line":49,"column":null}},"15":{"start":{"line":50,"column":6},"end":{"line":50,"column":null}},"16":{"start":{"line":50,"column":20},"end":{"line":50,"column":73}},"17":{"start":{"line":50,"column":56},"end":{"line":50,"column":71}},"18":{"start":{"line":54,"column":22},"end":{"line":54,"column":59}},"19":{"start":{"line":55,"column":6},"end":{"line":58,"column":null}},"20":{"start":{"line":56,"column":8},"end":{"line":58,"column":null}},"21":{"start":{"line":56,"column":22},"end":{"line":57,"column":null}},"22":{"start":{"line":57,"column":41},"end":{"line":57,"column":73}},"23":{"start":{"line":60,"column":6},"end":{"line":60,"column":null}},"24":{"start":{"line":65,"column":24},"end":{"line":65,"column":44}}},"fnMap":{"0":{"name":"(anonymous_0)","decl":{"start":{"line":23,"column":13},"end":{"line":23,"column":35}},"loc":{"start":{"line":23,"column":64},"end":{"line":62,"column":5}},"line":23},"1":{"name":"(anonymous_1)","decl":{"start":{"line":24,"column":2},"end":{"line":24,"column":24}},"loc":{"start":{"line":24,"column":38},"end":{"line":62,"column":5}},"line":24},"2":{"name":"(anonymous_2)","decl":{"start":{"line":30,"column":4},"end":{"line":30,"column":18}},"loc":{"start":{"line":30,"column":39},"end":{"line":31,"column":null}},"line":30},"3":{"name":"(anonymous_3)","decl":{"start":{"line":31,"column":25},"end":{"line":31,"column":32}},"loc":{"start":{"line":31,"column":40},"end":{"line":31,"column":67}},"line":31},"4":{"name":"(anonymous_4)","decl":{"start":{"line":36,"column":16},"end":{"line":36,"column":28}},"loc":{"start":{"line":36,"column":28},"end":{"line":39,"column":null}},"line":36},"5":{"name":"(anonymous_5)","decl":{"start":{"line":42,"column":13},"end":{"line":42,"column":20}},"loc":{"start":{"line":42,"column":55},"end":{"line":45,"column":null}},"line":42},"6":{"name":"(anonymous_6)","decl":{"start":{"line":44,"column":6},"end":{"line":44,"column":10}},"loc":{"start":{"line":44,"column":20},"end":{"line":44,"column":56}},"line":44},"7":{"name":"(anonymous_7)","decl":{"start":{"line":48,"column":16},"end":{"line":48,"column":23}},"loc":{"start":{"line":48,"column":38},"end":{"line":50,"column":null}},"line":48},"8":{"name":"(anonymous_8)","decl":{"start":{"line":50,"column":6},"end":{"line":50,"column":10}},"loc":{"start":{"line":50,"column":20},"end":{"line":50,"column":73}},"line":50},"9":{"name":"(anonymous_9)","decl":{"start":{"line":50,"column":41},"end":{"line":50,"column":48}},"loc":{"start":{"line":50,"column":56},"end":{"line":50,"column":71}},"line":50},"10":{"name":"(anonymous_10)","decl":{"start":{"line":53,"column":16},"end":{"line":53,"column":23}},"loc":{"start":{"line":53,"column":69},"end":{"line":60,"column":null}},"line":53},"11":{"name":"(anonymous_11)","decl":{"start":{"line":56,"column":8},"end":{"line":56,"column":12}},"loc":{"start":{"line":56,"column":22},"end":{"line":57,"column":null}},"line":56},"12":{"name":"(anonymous_12)","decl":{"start":{"line":57,"column":29},"end":{"line":57,"column":33}},"loc":{"start":{"line":57,"column":41},"end":{"line":57,"column":73}},"line":57}},"branchMap":{"0":{"loc":{"start":{"line":23,"column":35},"end":{"line":23,"column":null}},"type":"default-arg","locations":[{"start":{"line":23,"column":64},"end":{"line":23,"column":null}}],"line":23},"1":{"loc":{"start":{"line":37,"column":6},"end":{"line":37,"column":null}},"type":"if","locations":[{"start":{"line":37,"column":6},"end":{"line":37,"column":null}},{"start":{},"end":{}}],"line":37},"2":{"loc":{"start":{"line":55,"column":6},"end":{"line":58,"column":null}},"type":"if","locations":[{"start":{"line":55,"column":6},"end":{"line":58,"column":null}},{"start":{},"end":{}}],"line":55},"3":{"loc":{"start":{"line":57,"column":41},"end":{"line":57,"column":73}},"type":"cond-expr","locations":[{"start":{"line":57,"column":58},"end":{"line":57,"column":68}},{"start":{"line":57,"column":68},"end":{"line":57,"column":73}}],"line":57}},"s":{"0":1,"1":1,"2":7,"3":7,"4":1,"5":2,"6":2,"7":1,"8":1,"9":1,"10":1,"11":1,"12":1,"13":1,"14":1,"15":1,"16":1,"17":1,"18":1,"19":1,"20":1,"21":1,"22":1,"23":1,"24":1},"f":{"0":7,"1":7,"2":1,"3":2,"4":2,"5":1,"6":1,"7":1,"8":1,"9":1,"10":1,"11":1,"12":1},"b":{"0":[7],"1":[1,1],"2":[1,0],"3":[1,0]},"meta":{"lastBranch":4,"lastFunction":13,"lastStatement":25,"seen":{"s:21:23:21:48":0,"s:23:13:62:5":1,"f:23:13:23:35":0,"s:23:64:62:5":2,"b:23:64:23:Infinity":0,"f:24:2:24:24":1,"s:24:38:62:5":3,"f:30:4:30:18":2,"s:31:6:31:Infinity":4,"f:31:25:31:32":3,"s:31:40:31:67":5,"f:36:16:36:28":4,"b:37:6:37:Infinity:undefined:undefined:undefined:undefined":1,"s:37:6:37:Infinity":6,"s:37:29:37:Infinity":7,"s:38:20:38:47":8,"s:39:6:39:Infinity":9,"f:42:13:42:20":5,"s:43:22:43:59":10,"s:44:6:44:Infinity":11,"f:44:6:44:10":6,"s:44:20:44:56":12,"s:45:6:45:Infinity":13,"f:48:16:48:23":7,"s:49:6:49:Infinity":14,"s:50:6:50:Infinity":15,"f:50:6:50:10":8,"s:50:20:50:73":16,"f:50:41:50:48":9,"s:50:56:50:71":17,"f:53:16:53:23":10,"s:54:22:54:59":18,"b:55:6:58:Infinity:undefined:undefined:undefined:undefined":2,"s:55:6:58:Infinity":19,"s:56:8:58:Infinity":20,"f:56:8:56:12":11,"s:56:22:57:Infinity":21,"f:57:29:57:33":12,"s:57:41:57:73":22,"b:57:58:57:68:57:68:57:73":3,"s:60:6:60:Infinity":23,"s:65:24:65:44":24}}}
}
